[    0.000000] Linux version 4.15.0-194-generic (buildd@lcy02-amd64-052) (gcc version 7.5.0 (Ubuntu 7.5.0-3ubuntu1~18.04)) #205-Ubuntu SMP Fri Sep 16 19:49:27 UTC 2022 (Ubuntu 4.15.0-194.205-generic 4.15.18)
[    0.000000] Command line: BOOT_IMAGE=/boot/vmlinuz-4.15.0-194-generic root=LABEL=cloudimg-rootfs ro console=tty1 console=ttyS0
[    0.000000] KERNEL supported cpus:
[    0.000000]   Intel GenuineIntel
[    0.000000]   AMD AuthenticAMD
[    0.000000]   Centaur CentaurHauls
[    0.000000] x86/fpu: Supporting XSAVE feature 0x001: 'x87 floating point registers'
[    0.000000] x86/fpu: Supporting XSAVE feature 0x002: 'SSE registers'
[    0.000000] x86/fpu: Supporting XSAVE feature 0x004: 'AVX registers'
[    0.000000] x86/fpu: xstate_offset[2]:  576, xstate_sizes[2]:  256
[    0.000000] x86/fpu: Enabled xstate features 0x7, context size is 832 bytes, using 'standard' format.
[    0.000000] e820: BIOS-provided physical RAM map:
[    0.000000] BIOS-e820: [mem 0x0000000000000000-0x000000000009fbff] usable
[    0.000000] BIOS-e820: [mem 0x000000000009fc00-0x000000000009ffff] reserved
[    0.000000] BIOS-e820: [mem 0x00000000000f0000-0x00000000000fffff] reserved
[    0.000000] BIOS-e820: [mem 0x0000000000100000-0x000000007ffeffff] usable
[    0.000000] BIOS-e820: [mem 0x000000007fff0000-0x000000007fffffff] ACPI data
[    0.000000] BIOS-e820: [mem 0x00000000fec00000-0x00000000fec00fff] reserved
[    0.000000] BIOS-e820: [mem 0x00000000fee00000-0x00000000fee00fff] reserved
[    0.000000] BIOS-e820: [mem 0x00000000fffc0000-0x00000000ffffffff] reserved
[    0.000000] NX (Execute Disable) protection: active
[    0.000000] SMBIOS 2.5 present.
[    0.000000] DMI: innotek GmbH VirtualBox/VirtualBox, BIOS VirtualBox 12/01/2006
[    0.000000] Hypervisor detected: KVM
[    0.000000] e820: last_pfn = 0x7fff0 max_arch_pfn = 0x400000000
[    0.000000] MTRR: Disabled
[    0.000000] x86/PAT: MTRRs disabled, skipping PAT initialization too.
[    0.000000] CPU MTRRs all blank - virtualized system.
[    0.000000] x86/PAT: Configuration [0-7]: WB  WT  UC- UC  WB  WT  UC- UC  
[    0.000000] found SMP MP-table at [mem 0x0009fff0-0x0009ffff]
[    0.000000] Scanning 1 areas for low memory corruption
[    0.000000] RAMDISK: [mem 0x359cb000-0x36cdcfff]
[    0.000000] ACPI: Early table checksum verification disabled
[    0.000000] ACPI: RSDP 0x00000000000E0000 000024 (v02 VBOX  )
[    0.000000] ACPI: XSDT 0x000000007FFF0030 00003C (v01 VBOX   VBOXXSDT 00000001 ASL  00000061)
[    0.000000] ACPI: FACP 0x000000007FFF00F0 0000F4 (v04 VBOX   VBOXFACP 00000001 ASL  00000061)
[    0.000000] ACPI: DSDT 0x000000007FFF0470 002325 (v02 VBOX   VBOXBIOS 00000002 INTL 20120111)
[    0.000000] ACPI: FACS 0x000000007FFF0200 000040
[    0.000000] ACPI: FACS 0x000000007FFF0200 000040
[    0.000000] ACPI: APIC 0x000000007FFF0240 00005C (v02 VBOX   VBOXAPIC 00000001 ASL  00000061)
[    0.000000] ACPI: SSDT 0x000000007FFF02A0 0001CC (v01 VBOX   VBOXCPUT 00000002 INTL 20120111)
[    0.000000] ACPI: Reserving FACP table memory at [mem 0x7fff00f0-0x7fff01e3]
[    0.000000] ACPI: Reserving DSDT table memory at [mem 0x7fff0470-0x7fff2794]
[    0.000000] ACPI: Reserving FACS table memory at [mem 0x7fff0200-0x7fff023f]
[    0.000000] ACPI: Reserving FACS table memory at [mem 0x7fff0200-0x7fff023f]
[    0.000000] ACPI: Reserving APIC table memory at [mem 0x7fff0240-0x7fff029b]
[    0.000000] ACPI: Reserving SSDT table memory at [mem 0x7fff02a0-0x7fff046b]
[    0.000000] No NUMA configuration found
[    0.000000] Faking a node at [mem 0x0000000000000000-0x000000007ffeffff]
[    0.000000] NODE_DATA(0) allocated [mem 0x7ffc5000-0x7ffeffff]
[    0.000000] kvm-clock: cpu 0, msr 0:7ff44001, primary cpu clock
[    0.000000] kvm-clock: Using msrs 4b564d01 and 4b564d00
[    0.000000] kvm-clock: using sched offset of 3793937066 cycles
[    0.000000] clocksource: kvm-clock: mask: 0xffffffffffffffff max_cycles: 0x1cd42e4dffb, max_idle_ns: 881590591483 ns
[    0.000000] Zone ranges:
[    0.000000]   DMA      [mem 0x0000000000001000-0x0000000000ffffff]
[    0.000000]   DMA32    [mem 0x0000000001000000-0x000000007ffeffff]
[    0.000000]   Normal   empty
[    0.000000]   Device   empty
[    0.000000] Movable zone start for each node
[    0.000000] Early memory node ranges
[    0.000000]   node   0: [mem 0x0000000000001000-0x000000000009efff]
[    0.000000]   node   0: [mem 0x0000000000100000-0x000000007ffeffff]
[    0.000000] Reserved but unavailable: 104 pages
[    0.000000] Initmem setup node 0 [mem 0x0000000000001000-0x000000007ffeffff]
[    0.000000] ACPI: PM-Timer IO Port: 0x4008
[    0.000000] IOAPIC[0]: apic_id 2, version 32, address 0xfec00000, GSI 0-23
[    0.000000] ACPI: INT_SRC_OVR (bus 0 bus_irq 0 global_irq 2 dfl dfl)
[    0.000000] ACPI: INT_SRC_OVR (bus 0 bus_irq 9 global_irq 9 low level)
[    0.000000] Using ACPI (MADT) for SMP configuration information
[    0.000000] smpboot: Allowing 2 CPUs, 0 hotplug CPUs
[    0.000000] PM: Registered nosave memory: [mem 0x00000000-0x00000fff]
[    0.000000] PM: Registered nosave memory: [mem 0x0009f000-0x0009ffff]
[    0.000000] PM: Registered nosave memory: [mem 0x000a0000-0x000effff]
[    0.000000] PM: Registered nosave memory: [mem 0x000f0000-0x000fffff]
[    0.000000] e820: [mem 0x80000000-0xfebfffff] available for PCI devices
[    0.000000] Booting paravirtualized kernel on KVM
[    0.000000] clocksource: refined-jiffies: mask: 0xffffffff max_cycles: 0xffffffff, max_idle_ns: 7645519600211568 ns
[    0.000000] setup_percpu: NR_CPUS:8192 nr_cpumask_bits:2 nr_cpu_ids:2 nr_node_ids:1
[    0.000000] percpu: Embedded 50 pages/cpu s167936 r8192 d28672 u1048576
[    0.000000] PV qspinlock hash table entries: 256 (order: 0, 4096 bytes)
[    0.000000] Built 1 zonelists, mobility grouping on.  Total pages: 515961
[    0.000000] Policy zone: DMA32
[    0.000000] Kernel command line: BOOT_IMAGE=/boot/vmlinuz-4.15.0-194-generic root=LABEL=cloudimg-rootfs ro console=tty1 console=ttyS0
[    0.000000] Memory: 2014844K/2096696K available (12300K kernel code, 2477K rwdata, 4320K rodata, 2472K init, 2720K bss, 81852K reserved, 0K cma-reserved)
[    0.000000] SLUB: HWalign=64, Order=0-3, MinObjects=0, CPUs=2, Nodes=1
[    0.000000] Kernel/User page tables isolation: enabled
[    0.000000] ftrace: allocating 39477 entries in 155 pages
[    0.004000] Hierarchical RCU implementation.
[    0.004000] 	RCU restricting CPUs from NR_CPUS=8192 to nr_cpu_ids=2.
[    0.004000] 	Tasks RCU enabled.
[    0.004000] RCU: Adjusting geometry for rcu_fanout_leaf=16, nr_cpu_ids=2
[    0.004000] NR_IRQS: 524544, nr_irqs: 440, preallocated irqs: 16
[    0.004000] random: crng init done
[    0.004000] Console: colour VGA+ 80x25
[    0.004000] console [tty1] enabled
[    0.004000] console [ttyS0] enabled
[    0.004000] ACPI: Core revision 20170831
[    0.004000] ACPI: 2 ACPI AML tables successfully acquired and loaded
[    0.004000] APIC: Switch to symmetric I/O mode setup
[    0.004000] x2apic enabled
[    0.004000] Switched APIC routing to physical x2apic.
[    0.004000] ..TIMER: vector=0x30 apic1=0 pin1=2 apic2=-1 pin2=-1
[    0.004005] tsc: Detected 2592.000 MHz processor
[    0.005082] Calibrating delay loop (skipped) preset value.. 5184.00 BogoMIPS (lpj=10368000)
[    0.005989] pid_max: default: 32768 minimum: 301
[    0.008034] Security Framework initialized
[    0.008926] Yama: becoming mindful.
[    0.009886] AppArmor: AppArmor initialized
[    0.012922] Dentry cache hash table entries: 262144 (order: 9, 2097152 bytes)
[    0.015193] Inode-cache hash table entries: 131072 (order: 8, 1048576 bytes)
[    0.016021] Mount-cache hash table entries: 4096 (order: 3, 32768 bytes)
[    0.017369] Mountpoint-cache hash table entries: 4096 (order: 3, 32768 bytes)
[    0.019513] Last level iTLB entries: 4KB 64, 2MB 8, 4MB 8
[    0.020003] Last level dTLB entries: 4KB 64, 2MB 0, 4MB 0, 1GB 4
[    0.021072] Spectre V1 : Mitigation: usercopy/swapgs barriers and __user pointer sanitization
[    0.022732] Spectre V2 : Mitigation: Retpolines
[    0.024002] Spectre V2 : Spectre v2 / SpectreRSB mitigation: Filling RSB on context switch
[    0.025589] Speculative Store Bypass: Vulnerable
[    0.026478] MDS: Mitigation: Clear CPU buffers
[    0.027303] MMIO Stale Data: Mitigation: Clear CPU buffers
[    0.028003] SRBDS: Unknown: Dependent on hypervisor status
[    0.029496] Freeing SMP alternatives memory: 36K
[    0.141254] smpboot: CPU0: Intel(R) Core(TM) i7-8850H CPU @ 2.60GHz (family: 0x6, model: 0x9e, stepping: 0xa)
[    0.143857] Performance Events: unsupported p6 CPU model 158 no PMU driver, software events only.
[    0.144047] Hierarchical SRCU implementation.
[    0.145750] NMI watchdog: Perf event create on CPU 0 failed with -2
[    0.147003] NMI watchdog: Perf NMI watchdog permanently disabled
[    0.148052] smp: Bringing up secondary CPUs ...
[    0.149282] x86: Booting SMP configuration:
[    0.150059] .... node  #0, CPUs:      #1
[    0.004000] kvm-clock: cpu 1, msr 0:7ff44041, secondary cpu clock
[    0.154693] smp: Brought up 1 node, 2 CPUs
[    0.154693] smpboot: Max logical packages: 1
[    0.156009] smpboot: Total of 2 processors activated (10368.00 BogoMIPS)
[    0.157890] devtmpfs: initialized
[    0.157890] x86/mm: Memory block size: 128MB
[    0.160145] evm: security.selinux
[    0.161043] evm: security.SMACK64
[    0.161650] evm: security.SMACK64EXEC
[    0.162336] evm: security.SMACK64TRANSMUTE
[    0.163387] evm: security.SMACK64MMAP
[    0.164003] evm: security.apparmor
[    0.164863] evm: security.ima
[    0.165542] evm: security.capability
[    0.166512] clocksource: jiffies: mask: 0xffffffff max_cycles: 0xffffffff, max_idle_ns: 7645041785100000 ns
[    0.168046] futex hash table entries: 512 (order: 3, 32768 bytes)
[    0.172047] pinctrl core: initialized pinctrl subsystem
[    0.173825] RTC time: 15:44:47, date: 12/02/22
[    0.174973] NET: Registered protocol family 16
[    0.176000] audit: initializing netlink subsys (disabled)
[    0.176058] audit: type=2000 audit(1669995891.921:1): state=initialized audit_enabled=0 res=1
[    0.176176] cpuidle: using governor ladder
[    0.180007] cpuidle: using governor menu
[    0.180849] ACPI: bus type PCI registered
[    0.181574] acpiphp: ACPI Hot Plug PCI Controller Driver version: 0.5
[    0.183214] PCI: Using configuration type 1 for base access
[    0.185639] HugeTLB registered 2.00 MiB page size, pre-allocated 0 pages
[    0.188052] ACPI: Added _OSI(Module Device)
[    0.188821] ACPI: Added _OSI(Processor Device)
[    0.189609] ACPI: Added _OSI(3.0 _SCP Extensions)
[    0.190475] ACPI: Added _OSI(Processor Aggregator Device)
[    0.191414] ACPI: Added _OSI(Linux-Dell-Video)
[    0.192007] ACPI: Added _OSI(Linux-Lenovo-NV-HDMI-Audio)
[    0.193368] ACPI: Added _OSI(Linux-HPI-Hybrid-Graphics)
[    0.194826] ACPI: Executed 1 blocks of module-level executable AML code
[    0.200065] ACPI: Interpreter enabled
[    0.200967] ACPI: (supports S0 S5)
[    0.201654] ACPI: Using IOAPIC for interrupt routing
[    0.203185] PCI: Using host bridge windows from ACPI; if necessary, use "pci=nocrs" and report a bug
[    0.204180] ACPI: Enabled 2 GPEs in block 00 to 07
[    0.211675] ACPI: PCI Root Bridge [PCI0] (domain 0000 [bus 00-ff])
[    0.212012] acpi PNP0A03:00: _OSC: OS supports [ASPM ClockPM Segments MSI]
[    0.213597] acpi PNP0A03:00: _OSC: not requesting OS control; OS requires [ExtendedConfig ASPM ClockPM MSI]
[    0.216009] acpi PNP0A03:00: fail to add MMCONFIG information, can't access extended PCI configuration space under this bridge.
[    0.218437] PCI host bridge to bus 0000:00
[    0.220005] pci_bus 0000:00: root bus resource [io  0x0000-0x0cf7 window]
[    0.221323] pci_bus 0000:00: root bus resource [io  0x0d00-0xffff window]
[    0.222793] pci_bus 0000:00: root bus resource [mem 0x000a0000-0x000bffff window]
[    0.224004] pci_bus 0000:00: root bus resource [mem 0x80000000-0xfdffffff window]
[    0.225502] pci_bus 0000:00: root bus resource [bus 00-ff]
[    0.229756] pci 0000:00:01.1: legacy IDE quirk: reg 0x10: [io  0x01f0-0x01f7]
[    0.231316] pci 0000:00:01.1: legacy IDE quirk: reg 0x14: [io  0x03f6]
[    0.232005] pci 0000:00:01.1: legacy IDE quirk: reg 0x18: [io  0x0170-0x0177]
[    0.233467] pci 0000:00:01.1: legacy IDE quirk: reg 0x1c: [io  0x0376]
[    0.258277] pci 0000:00:07.0: quirk: [io  0x4000-0x403f] claimed by PIIX4 ACPI
[    0.260022] pci 0000:00:07.0: quirk: [io  0x4100-0x410f] claimed by PIIX4 SMB
[    0.276295] ACPI: PCI Interrupt Link [LNKA] (IRQs 5 9 10 *11)
[    0.277947] ACPI: PCI Interrupt Link [LNKB] (IRQs 5 9 *10 11)
[    0.280137] ACPI: PCI Interrupt Link [LNKC] (IRQs 5 *9 10 11)
[    0.282166] ACPI: PCI Interrupt Link [LNKD] (IRQs 5 9 10 *11)
[    0.284289] SCSI subsystem initialized
[    0.285381] pci 0000:00:02.0: vgaarb: setting as boot VGA device
[    0.285583] pci 0000:00:02.0: vgaarb: VGA device added: decodes=io+mem,owns=io+mem,locks=none
[    0.288014] pci 0000:00:02.0: vgaarb: bridge control possible
[    0.289306] vgaarb: loaded
[    0.290105] ACPI: bus type USB registered
[    0.292039] usbcore: registered new interface driver usbfs
[    0.293837] usbcore: registered new interface driver hub
[    0.295111] usbcore: registered new device driver usb
[    0.296076] EDAC MC: Ver: 3.0.0
[    0.297214] PCI: Using ACPI for IRQ routing
[    0.297306] NetLabel: Initializing
[    0.298051] NetLabel:  domain hash size = 128
[    0.300015] NetLabel:  protocols = UNLABELED CIPSOv4 CALIPSO
[    0.301704] NetLabel:  unlabeled traffic allowed by default
[    0.304140] clocksource: Switched to clocksource kvm-clock
[    0.316205] VFS: Disk quotas dquot_6.6.0
[    0.317296] VFS: Dquot-cache hash table entries: 512 (order 0, 4096 bytes)
[    0.319630] AppArmor: AppArmor Filesystem Enabled
[    0.321121] pnp: PnP ACPI init
[    0.323662] pnp: PnP ACPI: found 3 devices
[    0.360124] clocksource: acpi_pm: mask: 0xffffff max_cycles: 0xffffff, max_idle_ns: 2085701024 ns
[    0.373299] NET: Registered protocol family 2
[    0.374660] IP idents hash table entries: 32768 (order: 6, 262144 bytes)
[    0.398897] TCP established hash table entries: 16384 (order: 5, 131072 bytes)
[    0.401130] TCP bind hash table entries: 16384 (order: 6, 262144 bytes)
[    0.403956] TCP: Hash tables configured (established 16384 bind 16384)
[    0.405701] UDP hash table entries: 1024 (order: 3, 32768 bytes)
[    0.407641] UDP-Lite hash table entries: 1024 (order: 3, 32768 bytes)
[    0.409691] NET: Registered protocol family 1
[    0.411545] pci 0000:00:00.0: Limiting direct PCI/PCI transfers
[    0.479375] pci 0000:00:01.0: Activating ISA DMA hang workarounds
[    0.481489] pci 0000:00:02.0: Video device with shadowed ROM at [mem 0x000c0000-0x000dffff]
[    0.506756] Unpacking initramfs...
[    0.828563] Freeing initrd memory: 19528K
[    0.829710] clocksource: tsc: mask: 0xffffffffffffffff max_cycles: 0x255cb6cc5db, max_idle_ns: 440795203504 ns
[    0.832123] platform rtc_cmos: registered platform RTC device (no PNP device found)
[    0.834581] Scanning for low memory corruption every 60 seconds
[    0.837491] Initialise system trusted keyrings
[    0.838442] Key type blacklist registered
[    0.839271] workingset: timestamp_bits=36 max_order=19 bucket_order=0
[    0.841285] zbud: loaded
[    0.842457] squashfs: version 4.0 (2009/01/31) Phillip Lougher
[    0.844329] fuse init (API version 7.26)
[    0.847119] Key type asymmetric registered
[    0.848384] Asymmetric key parser 'x509' registered
[    0.850496] Block layer SCSI generic (bsg) driver version 0.4 loaded (major 246)
[    0.852516] io scheduler noop registered
[    0.853398] io scheduler deadline registered
[    0.854390] io scheduler cfq registered (default)
[    0.856134] ACPI: AC Adapter [AC] (on-line)
[    0.857513] input: Power Button as /devices/LNXSYSTM:00/LNXPWRBN:00/input/input0
[    0.859301] ACPI: Power Button [PWRF]
[    0.860838] input: Sleep Button as /devices/LNXSYSTM:00/LNXSLPBN:00/input/input1
[    0.862493] ACPI: Sleep Button [SLPF]
[    0.864804] ACPI: Battery Slot [BAT0] (battery present)
[    0.866051] Serial: 8250/16550 driver, 32 ports, IRQ sharing enabled
[    0.888650] 00:02: ttyS0 at I/O 0x3f8 (irq = 4, base_baud = 115200) is a 16550A
[    0.892664] Linux agpgart interface v0.103
[    0.894881] loop: module loaded
[    0.896067] scsi host0: ata_piix
[    0.896779] scsi host1: ata_piix
[    0.897403] ata1: PATA max UDMA/33 cmd 0x1f0 ctl 0x3f6 bmdma 0xd000 irq 14
[    0.898586] ata2: PATA max UDMA/33 cmd 0x170 ctl 0x376 bmdma 0xd008 irq 15
[    0.899860] tun: Universal TUN/TAP device driver, 1.6
[    0.900963] PPP generic driver version 2.4.2
[    0.902218] ehci_hcd: USB 2.0 'Enhanced' Host Controller (EHCI) Driver
[    0.903484] ehci-pci: EHCI PCI platform driver
[    0.904522] ehci-platform: EHCI generic platform driver
[    0.905637] ohci_hcd: USB 1.1 'Open' Host Controller (OHCI) Driver
[    0.907067] ohci-pci: OHCI PCI platform driver
[    0.907894] ohci-platform: OHCI generic platform driver
[    0.908914] uhci_hcd: USB Universal Host Controller Interface driver
[    0.910218] i8042: PNP: PS/2 Controller [PNP0303:PS2K,PNP0f03:PS2M] at 0x60,0x64 irq 1,12
[    0.912115] serio: i8042 KBD port at 0x60,0x64 irq 1
[    0.913534] serio: i8042 AUX port at 0x60,0x64 irq 12
[    0.914746] mousedev: PS/2 mouse device common for all mice
[    0.916324] input: AT Translated Set 2 keyboard as /devices/platform/i8042/serio0/input/input2
[    0.918418] rtc_cmos rtc_cmos: rtc core: registered rtc_cmos as rtc0
[    0.919616] rtc_cmos rtc_cmos: alarms up to one day, 114 bytes nvram
[    0.920801] i2c /dev entries driver
[    0.921490] device-mapper: uevent: version 1.0.3
[    0.922432] device-mapper: ioctl: 4.37.0-ioctl (2017-09-20) initialised: dm-devel@redhat.com
[    0.923995] ledtrig-cpu: registered to indicate activity on CPUs
[    0.925412] NET: Registered protocol family 10
[    0.928958] Segment Routing with IPv6
[    0.929764] NET: Registered protocol family 17
[    0.930912] Key type dns_resolver registered
[    0.931930] mce: Using 0 MCE banks
[    0.932638] RAS: Correctable Errors collector initialized.
[    0.933990] sched_clock: Marking stable (932623190, 0)->(1099112820, -166489630)
[    0.935691] registered taskstats version 1
[    0.936492] Loading compiled-in X.509 certificates
[    0.939060] Loaded X.509 cert 'Build time autogenerated kernel key: 6303a3b02fa1c7713b8a75ba7ba622fabd5dd271'
[    0.941634] Loaded X.509 cert 'Canonical Ltd. Live Patch Signing: 14df34d1a87cf37625abec039ef2bf521249b969'
[    0.943758] Loaded X.509 cert 'Canonical Ltd. Kernel Module Signing: 88f752e560a1e0737e31163a466ad7b70a850c19'
[    0.945853] blacklist: Loading compiled-in revocation X.509 certificates
[    0.947407] Loaded X.509 cert 'Canonical Ltd. Secure Boot Signing: 61482aa2830d0ab2ad5af10b7250da9033ddcef0'
[    0.949301] zswap: loaded using pool lzo/zbud
[    0.953012] Key type big_key registered
[    0.953880] Key type trusted registered
[    0.955852] Key type encrypted registered
[    0.956627] AppArmor: AppArmor sha1 policy hashing enabled
[    0.957607] ima: No TPM chip found, activating TPM-bypass! (rc=-19)
[    0.958853] ima: Allocated hash algorithm: sha1
[    0.959731] evm: HMAC attrs: 0x1
[    0.960679]   Magic number: 2:462:739
[    0.961448] rtc_cmos rtc_cmos: setting system clock to 2022-12-02 15:44:47 UTC (1669995887)
[    0.963026] BIOS EDD facility v0.16 2004-Jun-25, 0 devices found
[    0.964322] EDD information not available.
[    1.081065] Freeing unused kernel image memory: 2472K
[    1.088668] Write protecting the kernel read-only data: 20480k
[    1.090925] Freeing unused kernel image memory: 2008K
[    1.092766] Freeing unused kernel image memory: 1824K
[    1.099139] x86/mm: Checked W+X mappings: passed, no W+X pages found.
[    1.101259] x86/mm: Checking user space page tables
[    1.107662] x86/mm: Checked W+X mappings: passed, no W+X pages found.
Loading, please wait...
starting version 237
[    1.161538] e1000: Intel(R) PRO/1000 Network Driver - version 7.3.21-k8-NAPI
[    1.163614] e1000: Copyright (c) 1999-2006 Intel Corporation.
[    1.167000] Fusion MPT base driver 3.04.20
[    1.168797] Copyright (c) 1999-2008 LSI Corporation
[    1.181213] AVX2 version of gcm_enc/dec engaged.
[    1.182587] AES CTR mode by8 optimization enabled
[    1.186892] Fusion MPT SPI Host driver 3.04.20
[    1.373093] input: ImExPS/2 Generic Explorer Mouse as /devices/platform/i8042/serio1/input/input4
[    1.567093] e1000 0000:00:03.0 eth0: (PCI:33MHz:32-bit) 02:d4:40:b8:a4:a0
[    1.577528] e1000 0000:00:03.0 eth0: Intel(R) PRO/1000 Network Connection
[    2.001828] e1000 0000:00:08.0 eth1: (PCI:33MHz:32-bit) 08:00:27:2f:a2:f2
[    2.003685] e1000 0000:00:08.0 eth1: Intel(R) PRO/1000 Network Connection
[    2.006670] e1000 0000:00:03.0 enp0s3: renamed from eth0
[    2.008286] mptbase: ioc0: Initiating bringup
[    2.020515] e1000 0000:00:08.0 enp0s8: renamed from eth1
[    2.105177] ioc0: LSI53C1030 A0: Capabilities={Initiator}
[    2.355066] scsi host2: ioc0: LSI53C1030 A0, FwRev=00000000h, Ports=1, MaxQ=256, IRQ=20
[    2.525343] scsi 2:0:0:0: Direct-Access     VBOX     HARDDISK         1.0  PQ: 0 ANSI: 5
[    2.556214] scsi target2:0:0: Beginning Domain Validation
[    2.576981] scsi target2:0:0: Domain Validation skipping write tests
[    2.578715] scsi target2:0:0: Ending Domain Validation
[    2.579853] scsi target2:0:0: asynchronous
[    2.581321] scsi 2:0:1:0: Direct-Access     VBOX     HARDDISK         1.0  PQ: 0 ANSI: 5
[    3.056633] scsi target2:0:1: Beginning Domain Validation
[    3.061708] scsi target2:0:1: Domain Validation skipping write tests
[    3.063246] scsi target2:0:1: Ending Domain Validation
[    3.065222] scsi target2:0:1: asynchronous
[    3.070097] sd 2:0:0:0: Attached scsi generic sg0 type 0
[    3.071582] sd 2:0:1:0: Attached scsi generic sg1 type 0
[    3.073101] sd 2:0:0:0: [sda] 83886080 512-byte logical blocks: (42.9 GB/40.0 GiB)
[    3.075545] sd 2:0:1:0: [sdb] 20480 512-byte logical blocks: (10.5 MB/10.0 MiB)
[    3.077927] sd 2:0:0:0: [sda] Write Protect is off
[    3.079594] sd 2:0:1:0: [sdb] Write Protect is off
[    3.081415] sd 2:0:0:0: [sda] Incomplete mode parameter data
[    3.082997] sd 2:0:0:0: [sda] Assuming drive cache: write through
[    3.083027] sd 2:0:1:0: [sdb] Incomplete mode parameter data
[    3.086231]  sda: sda1
[    3.087214] sd 2:0:1:0: [sdb] Assuming drive cache: write through
[    3.088174] sd 2:0:0:0: [sda] Attached SCSI disk
[    3.092732] sd 2:0:1:0: [sdb] Attached SCSI disk
Begin: Loading essential drivers ... [    4.468080] raid6: sse2x1   gen() 13830 MB/s
[    4.524108] raid6: sse2x1   xor()  9380 MB/s
[    4.572099] raid6: sse2x2   gen() 17185 MB/s
[    4.620100] raid6: sse2x2   xor() 10899 MB/s
[    4.676100] raid6: sse2x4   gen() 19689 MB/s
[    4.724082] raid6: sse2x4   xor() 11581 MB/s
[    4.772096] raid6: avx2x1   gen() 25929 MB/s
[    4.820215] raid6: avx2x1   xor() 19391 MB/s
[    4.868539] raid6: avx2x2   gen() 33113 MB/s
[    4.916099] raid6: avx2x2   xor() 21425 MB/s
[    4.964192] raid6: avx2x4   gen() 37847 MB/s
[    5.012084] raid6: avx2x4   xor() 22647 MB/s
[    5.013480] raid6: using algorithm avx2x4 gen() 37847 MB/s
[    5.014744] raid6: .... xor() 22647 MB/s, rmw enabled
[    5.015683] raid6: using avx2x2 recovery algorithm
[    5.017295] xor: automatically using best checksumming function   avx       
[    5.019550] async_tx: api initialized (async)
done.
Begin: Running /scripts/init-premount ... done.
Begin: Mounting root file system ... Begin: Running /scripts/local-top ... done.
Begin: Running /scripts/local-premount ... [    5.052545] Btrfs loaded, crc32c=crc32c-intel
Scanning for Btrfs filesystems
done.
Warning: fsck not present, so skipping root file system
[    5.071777] EXT4-fs (sda1): mounted filesystem with ordered data mode. Opts: (null)
done.
Begin: Running /scripts/local-bottom ... done.
Begin: Running /scripts/init-bottom ... done.
[    5.174696] ip_tables: (C) 2000-2006 Netfilter Core Team
[    5.179355] systemd[1]: systemd 237 running in system mode. (+PAM +AUDIT +SELINUX +IMA +APPARMOR +SMACK +SYSVINIT +UTMP +LIBCRYPTSETUP +GCRYPT +GNUTLS +ACL +XZ +LZ4 +SECCOMP +BLKID +ELFUTILS +KMOD -IDN2 +IDN -PCRE2 default-hierarchy=hybrid)
[    5.183546] systemd[1]: Detected virtualization oracle.
[    5.184483] systemd[1]: Detected architecture x86-64.

Welcome to [1mUbuntu 18.04.6 LTS[0m!

[    5.188599] systemd[1]: Set hostname to <ubuntu>.
[    5.190704] systemd[1]: Initializing machine ID from random generator.
[    5.191877] systemd[1]: Installed transient /etc/machine-id file.
[    5.415005] systemd[1]: Set up automount Arbitrary Executable File Formats File System Automount Point.
[[0;32m  OK  [0m] Set up automount Arbitrary Executab…rmats File System Automount Point.
[    5.418098] systemd[1]: Reached target System Time Synchronized.
[[0;32m  OK  [0m] Reached target System Time Synchronized.
[    5.421033] systemd[1]: Created slice System Slice.
[[0;32m  OK  [0m] Created slice System Slice.
[    5.422752] systemd[1]: Listening on /dev/initctl Compatibility Named Pipe.
[[0;32m  OK  [0m] Listening on /dev/initctl Compatibility Named Pipe.
[[0;32m  OK  [0m] Listening on Network Service Netlink Socket.
[[0;32m  OK  [0m] Listening on LVM2 metadata daemon socket.
[[0;32m  OK  [0m] Started Forward Password Requests to Wall Directory Watch.
[[0;32m  OK  [0m] Listening on LVM2 poll daemon socket.
[[0;32m  OK  [0m] Listening on Journal Audit Socket.
[[0;32m  OK  [0m] Listening on Syslog Socket.
[[0;32m  OK  [0m] Listening on Journal Socket (/dev/log).
[[0;32m  OK  [0m] Reached target User and Group Name Lookups.
[[0;32m  OK  [0m] Listening on fsck to fsckd communication Socket.
[[0;32m  OK  [0m] Listening on udev Control Socket.
[[0;32m  OK  [0m] Listening on udev Kernel Socket.
[[0;32m  OK  [0m] Listening on Device-mapper event daemon FIFOs.
[[0;32m  OK  [0m] Created slice User and Session Slice.
[[0;32m  OK  [0m] Reached target Slices.
[[0;32m  OK  [0m] Listening on Journal Socket.
         Mounting Huge Pages File System...
         Starting Set the console keyboard layout...
         Starting File System Check on Root Device...
         Mounting Kernel Debug File System...
         Starting Load Ke[    5.717727] Loading iSCSI transport class v2.0-870.
rnel Modules...
         Starting Monitoring of LVM2 mirrors…ng dmeventd or progress polling...
         Starting Journal[    5.754494] iscsi: registered transport (tcp)
 Service...
         Starting udev Co[    5.797981] iscsi: registered transport (iser)
ldplug all Devices...
         Mounting POSIX Message Queue File System...
         Starting Uncomplicated firewall...
         Starting Create list of required st…ce nodes for the current kernel...
[[0;32m  OK  [0m] Reached target Swap.
[[0;32m  OK  [0m] Created slice system-serial\x2dgetty.slice.
[[0;32m  OK  [0m] Started Journal Service.
[[0;32m  OK  [0m] Mounted Huge Pages File System.
[[0;32m  OK  [0m] Started Set the console keyboard layout.
[[0;32m  OK  [0m] Started File System Check on Root Device.
[[0;32m  OK  [0m] Mounted Kernel Debug File System.
[[0;32m  OK  [0m] Started Load Kernel Modules.
[[0;32m  OK  [0m] Mounted POSIX Message Queue File System.
[[0;32m  OK  [0m] Started Uncomplicated firewall.
[[0;32m  OK  [0m] Started Create list of required sta…vice nodes for the current kernel.
[[0;32m  OK  [0m] Started LVM2 metadata daemon.
[[0;32m  OK  [0m] Started File System Check Daemon to report status.
         Starting Create Static Device Nodes in /dev...
         Starting Apply Kernel Variables...
         Mounting FUSE Control File System...
         Mounting Kernel Configuration File System...
         Starting Remount Root and Kernel File Systems...
[[0;32m  OK  [0m] Started udev Coldplug all Devices.
[[0;32m  OK  [0m] Mounted FUSE Control File System.
[[0;32m  OK  [0m] Started Monitoring of LVM2 mirrors,…sing dmeventd or progress polling.
[[0;32m  OK  [0m] Mounted Kernel Configuration File System.
[[0;32m  OK  [0m] Started Remount Root and Kernel File Systems.
[[0;32m  OK  [0m] Started Create Static Device Nodes in /dev.
[[0;32m  OK  [0m] Started Apply Kernel Variables.
         Starting Flush Journal to Persistent Storage...
[[0;32m  OK  [0m] Reached target Local File Systems (Pre).
[[0;32m  OK  [0m] Reached target Local File Systems.
         Starting Commit a transient machine-id on disk...
         Starting Tell Plymouth To Write Out Runtime Data...
         Starting Set console font and keymap...
         Starting AppArmor initialization...
         Starting ebtables ruleset management...
         Starting udev Kernel Device Manager...
         Starting Load/Save Random Seed...
[[0;32m  OK  [0m] Started Tell Plymouth To Write Out Runtime Data.
[[0;32m  OK  [0m] Started Set console font and keymap.
[[0;32m  OK  [0m] Started udev Kernel Device Manager.
[[0;32m  OK  [0m] Started Dispatch Password Requests to Console Directory Watch.
[[0;32m  OK  [0m] Reached target Local Encrypted Volumes.
[[0;32m  OK  [0m] Started Load/Save Random Seed.
[[0;32m  OK  [0m] Started ebtables ruleset management.
[[0;32m  OK  [0m] Started Flush Journal to Persistent Storage.
[[0;32m  OK  [0m] Started Commit a transient machine-id on disk.
         Starting Create Volatile Files and Directories...
[[0;32m  OK  [0m] Started Create Volatile Files and Directories.
         Starting Update UTMP about System Boot/Shutdown...
[[0;32m  OK  [0m] Started Update UTMP about System Boot/Shutdown.
[[0;32m  OK  [0m] Found device /dev/ttyS0.
[[0;32m  OK  [0m] Listening on Load/Save RF Kill Switch Status /dev/rfkill Watch.
         Mounting Arbitrary Executable File Formats File System...
[[0;32m  OK  [0m] Mounted Arbitrary Executable File Formats File System.
[[0;32m  OK  [0m] Started AppArmor initialization.
         Starting Load AppArmor profiles managed internally by snapd...
         Starting Initial cloud-init job (pre-networking)...
[[0;32m  OK  [0m] Started Load AppArmor profiles managed internally by snapd.
[    7.534968] cloud-init[609]: Cloud-init v. 22.3.4-0ubuntu1~18.04.1 running 'init-local' at Fri, 02 Dec 2022 15:44:53 +0000. Up 7.28 seconds.
[[0;32m  OK  [0m] Started Initial cloud-init job (pre-networking).
[[0;32m  OK  [0m] Reached target Network (Pre).
         Starting Network Service...
[[0;32m  OK  [0m] Started Network Service.
         Starting Network Name Resolution...
         Starting Wait for Network to be Configured...
[[0;32m  OK  [0m] Started Network Name Resolution.
[[0;32m  OK  [0m] Reached target Host and Network Name Lookups.
[[0;32m  OK  [0m] Reached target Network.
[[0;32m  OK  [0m] Started Wait for Network to be Configured.
         Starting Initial cloud-init job (metadata service crawler)...
[    9.925087] cloud-init[727]: Cloud-init v. 22.3.4-0ubuntu1~18.04.1 running 'init' at Fri, 02 Dec 2022 15:44:56 +0000. Up 9.81 seconds.
[    9.926761] cloud-init[727]: ci-info: ++++++++++++++++++++++++++++++++++++++Net device info+++++++++++++++++++++++++++++++++++++++
[    9.928646] cloud-init[727]: ci-info: +--------+-------+----------------------------+---------------+--------+-------------------+
[    9.940340] cloud-init[727]: ci-info: | Device |   Up  |          Address           |      Mask     | Scope  |     Hw-Address    |
[    9.964259] cloud-init[727]: ci-info: +--------+-------+----------------------------+---------------+--------+-------------------+
[    9.976214] cloud-init[727]: ci-info: | enp0s3 |  True |         10.0.2.15          | 255.255.255.0 | global | 02:d4:40:b8:a4:a0 |
[    9.978103] cloud-init[727]: ci-info: | enp0s3 |  True | fe80::d4:40ff:feb8:a4a0/64 |       .       |  link  | 02:d4:40:b8:a4:a0 |
[    9.988198] cloud-init[727]: ci-info: | enp0s8 | False |             .              |       .       |   .    | 08:00:27:2f:a2:f2 |
[    9.989932] cloud-init[727]: ci-info: |   lo   |  True |         127.0.0.1          |   255.0.0.0   |  host  |         .         |
[    9.991632] cloud-init[727]: ci-info: |   lo   |  True |          ::1/128           |       .       |  host  |         .         |
[    9.993132] cloud-init[727]: ci-info: +--------+-------+----------------------------+---------------+--------+-------------------+
[    9.994841] cloud-init[727]: ci-info: ++++++++++++++++++++++++++++Route IPv4 info+++++++++++++++++++++++++++++
[   10.008150] cloud-init[727]: ci-info: +-------+-------------+----------+-----------------+-----------+-------+
[   10.020554] cloud-init[727]: ci-info: | Route | Destination | Gateway  |     Genmask     | Interface | Flags |
[   10.032388] cloud-init[727]: ci-info: +-------+-------------+----------+-----------------+-----------+-------+
[   10.044277] cloud-init[727]: ci-info: |   0   |   0.0.0.0   | 10.0.2.2 |     0.0.0.0     |   enp0s3  |   UG  |
[   10.060221] cloud-init[727]: ci-info: |   1   |   10.0.2.0  | 0.0.0.0  |  255.255.255.0  |   enp0s3  |   U   |
[   10.076237] cloud-init[727]: ci-info: |   2   |   10.0.2.2  | 0.0.0.0  | 255.255.255.255 |   enp0s3  |   UH  |
[   10.077676] cloud-init[727]: ci-info: +-------+-------------+----------+-----------------+-----------+-------+
[   10.079078] cloud-init[727]: ci-info: +++++++++++++++++++Route IPv6 info+++++++++++++++++++
[   10.080260] cloud-init[727]: ci-info: +-------+-------------+---------+-----------+-------+
[   10.081424] cloud-init[727]: ci-info: | Route | Destination | Gateway | Interface | Flags |
[   10.096245] cloud-init[727]: ci-info: +-------+-------------+---------+-----------+-------+
[   10.097361] cloud-init[727]: ci-info: |   1   |  fe80::/64  |    ::   |   enp0s3  |   U   |
[   10.098564] cloud-init[727]: ci-info: |   3   |    local    |    ::   |   enp0s3  |   U   |
[   10.100279] cloud-init[727]: ci-info: |   4   |   ff00::/8  |    ::   |   enp0s3  |   U   |
[   10.102069] cloud-init[727]: ci-info: +-------+-------------+---------+-----------+-------+
[   10.769153] cloud-init[727]: Generating public/private rsa key pair.
[   10.774114] cloud-init[727]: Your identification has been saved in /etc/ssh/ssh_host_rsa_key.
[   10.774978] cloud-init[727]: Your public key has been saved in /etc/ssh/ssh_host_rsa_key.pub.
[   10.775910] cloud-init[727]: The key fingerprint is:
[   10.784287] cloud-init[727]: SHA256:zpHV/U1irb0kJ5WKk4f28Pb0FZJxkA1126bk10XzXZk root@ubuntu-bionic
[[0;32m  OK  [0m] Started Initial cloud-init job (metadata service crawler).
[   10.822371] cloud-init[727]: The key's randomart image is:
[[0;32m  OK  [0m[   10.823767] ] cloud-initReached target System Initialization.[727]: 
+---[RSA 2048]----+
[[   10.824867] cloud-init[727]: |             o=o*|
[   10.824969] cloud-init[727]: |           . o.EX|
[   10.825696] cloud-init[727]: |          . ..==O|
[   10.826664] cloud-init[727]: |         o  ++*O+|
[   10.827372] cloud-init[727]: |        S  B B++*|
[   10.828345] cloud-init[727]: |       o .. * *.o|
[   10.829058] cloud-init[727]: |        o    + o.|
[   10.829823] cloud-init[727]: |            . o o|
[   10.830957] cloud-init[727]: |               ..|
[   10.831126] cloud-init[727]: +----[SHA256]-----+
[0;32m  OK  [0m] Listening on Open-iSCSI iscsid Socket.
[   10.831230] cloud-init[727]: Generating public/private dsa key pair.
[[   10.877627] cloud-init[727]: Your identification has been saved in /etc/ssh/ssh_host_dsa_key.
[   10.877756] cloud-init[727]: Your public key has been saved in /etc/ssh/ssh_host_dsa_key.pub.
[   10.877968] cloud-init[727]: The key fingerprint is:
[   10.878004] cloud-init[727]: SHA256:5AMAr6EKOfccck8xYB7YwOWa7gVorEOK7qa04FFLkZo root@ubuntu-bionic
[0;32m  OK  [0m] Started Message of the Day.
[   10.878321] cloud-init[727]: The key's randomart image is:
[   10.904187] cloud-init[727]: +---[DSA 1024]----+
         [   10.916832] cloud-init[727]: | .o**            |
Starting Socket activation for snappy daemon.[   10.917055] 
cloud-init[727]: |  o=o+           |
[[   10.918856] [0;32m  OK  [0mcloud-init] [727]: Listening on cloud-init hotplug hook socket.|  .o+ + .        |

[[0;32m  OK  [0m] Started Ubuntu Advantage Timer for running repeated jobs.
[   10.920133] cloud-init[727]: |.+o=.  *         |
[[0;32m  OK  [0m[   10.932251] ] cloud-initStarted Discard unused blocks once a week.[727]: 
|*EBoo . S        |
[[   10.944624] cloud-init[727]: |O+o*.+   .       |
[   10.944766] cloud-init[727]: |Bo..+ .          |
[0;32m  OK  [0m] Started ACPI Events Check.
[[   10.944952] [0;32m  OK  [0mcloud-init] [727]: Reached target Paths.|=+o.             |

[[   10.957049] cloud-init[727]: |==.              |
[   10.957508] cloud-init[727]: +----[SHA256]-----+
[   10.957934] cloud-init[727]: Generating public/private ecdsa key pair.
[0;32m  OK  [0m] Listening on D-Bus System Message Bus Socket.
[   10.958227] cloud-init[727]: Your identification has been saved in /etc/ssh/ssh_host_ecdsa_key.
[[   10.972656] cloud-init[727]: Your public key has been saved in /etc/ssh/ssh_host_ecdsa_key.pub.
[   10.972722] cloud-init[727]: The key fingerprint is:
[   10.973647] cloud-init[727]: SHA256:rKSXsiRHrpM9JvN3yKFT75ChzgNtUv1WS+c98xgQ95U root@ubuntu-bionic
[   10.974283] cloud-init[727]: The key's randomart image is:
[   10.974939] cloud-init[727]: +---[ECDSA 256]---+
[   10.975572] cloud-init[727]: |                .|
[   10.976901] cloud-init[727]: |            . .E.|
[   10.977507] cloud-init[727]: |     .       o ..|
[   10.978109] cloud-init[727]: |    . ..  o o   .|
[   10.978721] cloud-init[727]: |   o. o.So + o   |
[   10.979314] cloud-init[727]: |  ooo+o=o . . =  |
[   10.979350] cloud-init[727]: |  .*B+*=       * |
[   10.979753] cloud-init[727]: |  =BB++.o     . .|
[   10.979974] cloud-init[727]: |  .*== o.        |
[   10.980196] cloud-init[727]: +----[SHA256]-----+
[0;32m  OK  [0m] Started Daily apt download activities.
[   10.980463] cloud-init[727]: Generating public/private ed25519 key pair.
[[   10.997122] cloud-init[727]: Your identification has been saved in /etc/ssh/ssh_host_ed25519_key.
[   10.997569] cloud-init[727]: Your public key has been saved in /etc/ssh/ssh_host_ed25519_key.pub.
[   10.997984] cloud-init[727]: The key fingerprint is:
[0;32m  OK  [0m] Started Daily Cleanup of Temporary Directories.
[   10.998633] cloud-init[727]: SHA256:mZBRc9S/n0rIWJhwuSnNLY3tO+FKvT0Nz2QTkKQqFO4 root@ubuntu-bionic
[[   11.028731] cloud-init[727]: The key's randomart image is:
[0;32m  OK  [0m[   11.029117] cloud-init[727]: +--[ED25519 256]--+
] Started Daily apt upgrade and clean activities.
[[   11.040570] cloud-init[727]: |      .oo.o....  |
[   11.040791] cloud-init[727]: |      .o.o. oo   |
[   11.041033] cloud-init[727]: |      o+ o . ..  |
[0;32m  OK  [0m] Reached target Timers.
[   11.041430] cloud-init[727]: |      o.=o@   .. |
[[   11.052969] cloud-init[727]: |       ES@ =   ..|
[   11.053379] cloud-init[727]: |        o B....+ |
[0;32m  OK  [0m] Listening on ACPID Listen Socket.
[   11.053822] cloud-init[727]: |         o.=..B.o|
[[   11.068739] cloud-init[727]: |        .  o=. =.|
[   11.069122] cloud-init[727]: |         ..o.oo  |
[0;32m  OK  [0m] Listening on UUID daemon activation socket.
[   11.069877] cloud-init[727]: +----[SHA256]-----+
         Starting LXD - unix socket.
[[0;32m  OK  [0m] Reached target Network is Online.
         Starting Availability of block devices...
[[0;32m  OK  [0m] Reached target Remote File Systems (Pre).
[[0;32m  OK  [0m] Reached target Remote File Systems.
[[0;32m  OK  [0m] Reached target Cloud-config availability.
[[0;32m  OK  [0m] Listening on Socket activation for snappy daemon.
[[0;32m  OK  [0m] Listening on LXD - unix socket.
[[0;32m  OK  [0m] Started Availability of block devices.
[[0;32m  OK  [0m] Reached target Sockets.
[[0;32m  OK  [0m] Reached target Basic System.
[[0;32m  OK  [0m] Started Regular background program processing daemon.
         Starting Virtualbox guest utils...
         Starting Dispatcher daemon for systemd-networkd...
         Starting Login Service...
         Starting LXD - container startup/shutdown...
[[0;32m  OK  [0m] Reached target Login Prompts (Pre).
[[0;32m  OK  [0m] Started D-Bus System Message Bus.
[[0;32m  OK  [0m] Started Login Service.
[[0;32m  OK  [0m] Started irqbalance daemon.
         Starting Accounts Service...
[[0;32m  OK  [0m] Started Deferred execution scheduler.
         Starting LSB: automatic crash report generation...
[[0;32m  OK  [0m] Started FUSE filesystem for LXC.
         Starting System Logging Service...
         Starting Pollinate to seed the pseudo random number generator...
         Starting LSB: Record successful boot for GRUB...
[[0;32m  OK  [0m] Started Unattended Upgrades Shutdown.
         Starting Permit User Sessions...
         Starting Snap Daemon...
[[0;32m  OK  [0m] Started System Logging Service.
[[0;32m  OK  [0m] Started Dispatcher daemon for systemd-networkd.
[[0;32m  OK  [0m] Started LXD - container startup/shutdown.
[[0;32m  OK  [0m] Started Permit User Sessions.
         Starting Authorization Manager...
         Starting Hold until boot process finishes up...
         Starting Terminate Plymouth Boot Screen...
[[0;32m  OK  [0m] Started Hold until boot process finishes up.
         Starting Set console scheme...
[[0;32m  OK  [0m] Started Serial Getty on ttyS0.
[[0;32m  OK  [0m] Started Terminate Plymouth Boot Screen.
[[0;32m  OK  [0m] Started Authorization Manager.
[[0;32m  OK  [0m] Started Accounts Service.
[[0;32m  OK  [0m] Started Set console scheme.
[[0;32m  OK  [0m] Started LSB: automatic crash report generation.
[[0;32m  OK  [0m] Started Virtualbox guest utils.
[[0;32m  OK  [0m] Started LSB: Record successful boot for GRUB.
[[0;32m  OK  [0m] Created slice system-getty.slice.
[[0;32m  OK  [0m] Started Getty on tty1.
[[0;32m  OK  [0m] Reached target Login Prompts.
[[0;32m  OK  [0m] Started Snap Daemon.
         Starting Wait until snapd is fully seeded...
         Starting Time & Date Service...
[[0;32m  OK  [0m] Started Time & Date Service.
[[0;32m  OK  [0m] Started Wait until snapd is fully seeded.
         Starting Apply the settings specified in cloud-config...
[   14.726454] cloud-init[1302]: Cloud-init v. 22.3.4-0ubuntu1~18.04.1 running 'modules:config' at Fri, 02 Dec 2022 15:45:01 +0000. Up 14.47 seconds.
[[0;32m  OK  [0m] Started Apply the settings specified in cloud-config.

Ubuntu 18.04.6 LTS ubuntu-bionic ttyS0

ubuntu-bionic login: ci-info: no authorized SSH keys fingerprints found for user ubuntu.
<14>Dec  2 15:45:08 cloud-init: #############################################################
<14>Dec  2 15:45:08 cloud-init: -----BEGIN SSH HOST KEY FINGERPRINTS-----
<14>Dec  2 15:45:08 cloud-init: 1024 SHA256:5AMAr6EKOfccck8xYB7YwOWa7gVorEOK7qa04FFLkZo root@ubuntu-bionic (DSA)
<14>Dec  2 15:45:08 cloud-init: 256 SHA256:rKSXsiRHrpM9JvN3yKFT75ChzgNtUv1WS+c98xgQ95U root@ubuntu-bionic (ECDSA)
<14>Dec  2 15:45:08 cloud-init: 256 SHA256:mZBRc9S/n0rIWJhwuSnNLY3tO+FKvT0Nz2QTkKQqFO4 root@ubuntu-bionic (ED25519)
<14>Dec  2 15:45:08 cloud-init: 2048 SHA256:zpHV/U1irb0kJ5WKk4f28Pb0FZJxkA1126bk10XzXZk root@ubuntu-bionic (RSA)
<14>Dec  2 15:45:08 cloud-init: -----END SSH HOST KEY FINGERPRINTS-----
<14>Dec  2 15:45:08 cloud-init: #############################################################
-----BEGIN SSH HOST KEY KEYS-----
ecdsa-sha2-nistp256 AAAAE2VjZHNhLXNoYTItbmlzdHAyNTYAAAAIbmlzdHAyNTYAAABBBOG2DYKZI/U0XjBjEsbTavOFQ8vvXre+lxLDQUjma2WP/BVIXQRX5cHFxP1eErJePICFj1bY2JznarB/naAB3VA= root@ubuntu-bionic
ssh-ed25519 AAAAC3NzaC1lZDI1NTE5AAAAIJ1nCD73nPiRYlnL80cP90q+JsdZmKsBNrjPgaEvcr6G root@ubuntu-bionic
ssh-rsa AAAAB3NzaC1yc2EAAAADAQABAAABAQDcjkbhit3UXSyAjgWZn2mD+5c59XMCZApmCaYueNBrDwyOafwT2rM7UOIdhOGpj2ah3h5X/I7BuxYfCsTkKY1uDmQCXaiSfnB+Dp45KUJHwV7pQpB1RO+q8rpJMxOcF//xKhgOUa2Covzg36rzJX2scwGOFdJaxJed1qW/QCgO5woOjLjNKx6mokISHdK+Fs3AWJUS8MAxyRVX+1RYKUD120OWVKIOTrlXBXytXkgrO/BSw2/tbd6WOENYZ9RSCt8je0waKgmzcJpINmMLat3cMFM7irXPNwO+gPzF9YDu6PRZLB7qvM4UKNK+YhpDlAs2X0hFCZ7+shhIJiBsuo/t root@ubuntu-bionic
-----END SSH HOST KEY KEYS-----
[   22.214733] cloud-init[1393]: Cloud-init v. 22.3.4-0ubuntu1~18.04.1 running 'modules:final' at Fri, 02 Dec 2022 15:45:08 +0000. Up 22.09 seconds.
[   22.214798] cloud-init[1393]: Cloud-init v. 22.3.4-0ubuntu1~18.04.1 finished at Fri, 02 Dec 2022 15:45:08 +0000. Datasource DataSourceNoCloud [seed=/dev/sdb][dsmode=net].  Up 22.20 seconds
