[    0.000000] Initializing cgroup subsys cpuset
[    0.000000] Initializing cgroup subsys cpu
[    0.000000] Initializing cgroup subsys cpuacct
[    0.000000] Linux version 4.4.0-210-generic (buildd@lgw01-amd64-009) (gcc version 5.4.0 20160609 (Ubuntu 5.4.0-6ubuntu1~16.04.12) ) #242-Ubuntu SMP Fri Apr 16 09:57:56 UTC 2021 (Ubuntu 4.4.0-210.242-generic 4.4.262)
[    0.000000] Command line: BOOT_IMAGE=/boot/vmlinuz-4.4.0-210-generic root=LABEL=cloudimg-rootfs ro console=tty1 console=ttyS0
[    0.000000] KERNEL supported cpus:
[    0.000000]   Intel GenuineIntel
[    0.000000]   AMD AuthenticAMD
[    0.000000]   Centaur CentaurHauls
[    0.000000] x86/fpu: xstate_offset[2]:  576, xstate_sizes[2]:  256
[    0.000000] x86/fpu: Supporting XSAVE feature 0x01: 'x87 floating point registers'
[    0.000000] x86/fpu: Supporting XSAVE feature 0x02: 'SSE registers'
[    0.000000] x86/fpu: Supporting XSAVE feature 0x04: 'AVX registers'
[    0.000000] x86/fpu: Enabled xstate features 0x7, context size is 832 bytes, using 'standard' format.
[    0.000000] e820: BIOS-provided physical RAM map:
[    0.000000] BIOS-e820: [mem 0x0000000000000000-0x000000000009fbff] usable
[    0.000000] BIOS-e820: [mem 0x000000000009fc00-0x000000000009ffff] reserved
[    0.000000] BIOS-e820: [mem 0x00000000000f0000-0x00000000000fffff] reserved
[    0.000000] BIOS-e820: [mem 0x0000000000100000-0x000000007ffeffff] usable
[    0.000000] BIOS-e820: [mem 0x000000007fff0000-0x000000007fffffff] ACPI data
[    0.000000] BIOS-e820: [mem 0x00000000fec00000-0x00000000fec00fff] reserved
[    0.000000] BIOS-e820: [mem 0x00000000fee00000-0x00000000fee00fff] reserved
[    0.000000] BIOS-e820: [mem 0x00000000fffc0000-0x00000000ffffffff] reserved
[    0.000000] NX (Execute Disable) protection: active
[    0.000000] SMBIOS 2.5 present.
[    0.000000] Hypervisor detected: KVM
[    0.000000] e820: last_pfn = 0x7fff0 max_arch_pfn = 0x400000000
[    0.000000] MTRR: Disabled
[    0.000000] x86/PAT: MTRRs disabled, skipping PAT initialization too.
[    0.000000] CPU MTRRs all blank - virtualized system.
[    0.000000] x86/PAT: Configuration [0-7]: WB  WT  UC- UC  WB  WT  UC- UC  
[    0.000000] found SMP MP-table at [mem 0x0009fff0-0x0009ffff] mapped at [ffff88000009fff0]
[    0.000000] Scanning 1 areas for low memory corruption
[    0.000000] RAMDISK: [mem 0x362dc000-0x37165fff]
[    0.000000] ACPI: Early table checksum verification disabled
[    0.000000] ACPI: RSDP 0x00000000000E0000 000024 (v02 VBOX  )
[    0.000000] ACPI: XSDT 0x000000007FFF0030 00003C (v01 VBOX   VBOXXSDT 00000001 ASL  00000061)
[    0.000000] ACPI: FACP 0x000000007FFF00F0 0000F4 (v04 VBOX   VBOXFACP 00000001 ASL  00000061)
[    0.000000] ACPI: DSDT 0x000000007FFF0470 002325 (v02 VBOX   VBOXBIOS 00000002 INTL 20120111)
[    0.000000] ACPI: FACS 0x000000007FFF0200 000040
[    0.000000] ACPI: FACS 0x000000007FFF0200 000040
[    0.000000] ACPI: APIC 0x000000007FFF0240 00005C (v02 VBOX   VBOXAPIC 00000001 ASL  00000061)
[    0.000000] ACPI: SSDT 0x000000007FFF02A0 0001CC (v01 VBOX   VBOXCPUT 00000002 INTL 20120111)
[    0.000000] No NUMA configuration found
[    0.000000] Faking a node at [mem 0x0000000000000000-0x000000007ffeffff]
[    0.000000] NODE_DATA(0) allocated [mem 0x7ffeb000-0x7ffeffff]
[    0.000000] kvm-clock: Using msrs 4b564d01 and 4b564d00
[    0.000000] kvm-clock: cpu 0, msr 0:7ffe3001, primary cpu clock
[    0.000000] kvm-clock: using sched offset of 3769140028 cycles
[    0.000000] clocksource: kvm-clock: mask: 0xffffffffffffffff max_cycles: 0x1cd42e4dffb, max_idle_ns: 881590591483 ns
[    0.000000] Zone ranges:
[    0.000000]   DMA      [mem 0x0000000000001000-0x0000000000ffffff]
[    0.000000]   DMA32    [mem 0x0000000001000000-0x000000007ffeffff]
[    0.000000]   Normal   empty
[    0.000000]   Device   empty
[    0.000000] Movable zone start for each node
[    0.000000] Early memory node ranges
[    0.000000]   node   0: [mem 0x0000000000001000-0x000000000009efff]
[    0.000000]   node   0: [mem 0x0000000000100000-0x000000007ffeffff]
[    0.000000] Initmem setup node 0 [mem 0x0000000000001000-0x000000007ffeffff]
[    0.000000] ACPI: PM-Timer IO Port: 0x4008
[    0.000000] IOAPIC[0]: apic_id 2, version 32, address 0xfec00000, GSI 0-23
[    0.000000] ACPI: INT_SRC_OVR (bus 0 bus_irq 0 global_irq 2 dfl dfl)
[    0.000000] ACPI: INT_SRC_OVR (bus 0 bus_irq 9 global_irq 9 low level)
[    0.000000] Using ACPI (MADT) for SMP configuration information
[    0.000000] smpboot: Allowing 2 CPUs, 0 hotplug CPUs
[    0.000000] PM: Registered nosave memory: [mem 0x00000000-0x00000fff]
[    0.000000] PM: Registered nosave memory: [mem 0x0009f000-0x0009ffff]
[    0.000000] PM: Registered nosave memory: [mem 0x000a0000-0x000effff]
[    0.000000] PM: Registered nosave memory: [mem 0x000f0000-0x000fffff]
[    0.000000] e820: [mem 0x80000000-0xfebfffff] available for PCI devices
[    0.000000] Booting paravirtualized kernel on KVM
[    0.000000] clocksource: refined-jiffies: mask: 0xffffffff max_cycles: 0xffffffff, max_idle_ns: 7645519600211568 ns
[    0.000000] setup_percpu: NR_CPUS:512 nr_cpumask_bits:512 nr_cpu_ids:2 nr_node_ids:1
[    0.000000] PERCPU: Embedded 33 pages/cpu @ffff88007fc00000 s95192 r8192 d31784 u1048576
[    0.000000] Built 1 zonelists in Node order, mobility grouping on.  Total pages: 515960
[    0.000000] Policy zone: DMA32
[    0.000000] Kernel command line: BOOT_IMAGE=/boot/vmlinuz-4.4.0-210-generic root=LABEL=cloudimg-rootfs ro console=tty1 console=ttyS0
[    0.000000] PID hash table entries: 4096 (order: 3, 32768 bytes)
[    0.000000] Memory: 2029984K/2096696K available (8644K kernel code, 1332K rwdata, 4044K rodata, 1492K init, 1164K bss, 66712K reserved, 0K cma-reserved)
[    0.000000] SLUB: HWalign=64, Order=0-3, MinObjects=0, CPUs=2, Nodes=1
[    0.000000] Kernel/User page tables isolation: enabled
[    0.000000] Hierarchical RCU implementation.
[    0.000000] 	Build-time adjustment of leaf fanout to 64.
[    0.000000] 	RCU restricting CPUs from NR_CPUS=512 to nr_cpu_ids=2.
[    0.000000] RCU: Adjusting geometry for rcu_fanout_leaf=64, nr_cpu_ids=2
[    0.000000] NR_IRQS:33024 nr_irqs:440 16
[    0.000000] Console: colour VGA+ 80x25
[    0.000000] console [tty1] enabled
[    0.000000] console [ttyS0] enabled
[    0.000000] tsc: Detected 2592.000 MHz processor
[    0.156785] Calibrating delay loop (skipped) preset value.. 5184.00 BogoMIPS (lpj=10368000)
[    0.158921] pid_max: default: 32768 minimum: 301
[    0.160054] ACPI: Core revision 20150930
[    0.161703] ACPI: 2 ACPI AML tables successfully acquired and loaded
[    0.163050] Security Framework initialized
[    0.164124] Yama: becoming mindful.
[    0.165054] AppArmor: AppArmor initialized
[    0.167150] Dentry cache hash table entries: 262144 (order: 9, 2097152 bytes)
[    0.169978] Inode-cache hash table entries: 131072 (order: 8, 1048576 bytes)
[    0.172644] Mount-cache hash table entries: 4096 (order: 3, 32768 bytes)
[    0.174127] Mountpoint-cache hash table entries: 4096 (order: 3, 32768 bytes)
[    0.175565] Initializing cgroup subsys io
[    0.176845] Initializing cgroup subsys memory
[    0.177860] Initializing cgroup subsys devices
[    0.178784] Initializing cgroup subsys freezer
[    0.179691] Initializing cgroup subsys net_cls
[    0.181426] Initializing cgroup subsys perf_event
[    0.182382] Initializing cgroup subsys net_prio
[    0.183301] Initializing cgroup subsys hugetlb
[    0.184230] Initializing cgroup subsys pids
[    0.197786] mce: CPU supports 0 MCE banks
[    0.199147] Last level iTLB entries: 4KB 64, 2MB 8, 4MB 8
[    0.201203] Last level dTLB entries: 4KB 64, 2MB 0, 4MB 0, 1GB 4
[    0.202692] Spectre V1 : Mitigation: usercopy/swapgs barriers and __user pointer sanitization
[    0.205377] Spectre V2 : Mitigation: Full generic retpoline
[    0.206671] Spectre V2 : Spectre v2 / SpectreRSB mitigation: Filling RSB on context switch
[    0.209019] Speculative Store Bypass: Vulnerable
[    0.210160] SRBDS: Unknown: Dependent on hypervisor status
[    0.211474] MDS: Mitigation: Clear CPU buffers
[    0.214798] Freeing SMP alternatives memory: 36K
[    0.220773] ftrace: allocating 32380 entries in 127 pages
[    0.267750] smpboot: APIC(0) Converting physical 0 to logical package 0
[    0.270316] smpboot: Max logical packages: 1
[    0.271717] x2apic enabled
[    0.273050] Switched APIC routing to physical x2apic.
[    0.275105] ..TIMER: vector=0x30 apic1=0 pin1=2 apic2=-1 pin2=-1
[    0.384612] smpboot: CPU0: Intel(R) Core(TM) i7-8850H CPU @ 2.60GHz (family: 0x6, model: 0x9e, stepping: 0xa)
[    0.387431] Performance Events: unsupported p6 CPU model 158 no PMU driver, software events only.
[    0.398603] KVM setup paravirtual spinlock
[    0.402107] x86: Booting SMP configuration:
[    0.403338] .... node  #0, CPUs:      #1
[    0.404831] kvm-clock: cpu 1, msr 0:7ffe3041, secondary cpu clock
[    0.423549] mce: CPU supports 0 MCE banks
[    0.426628] x86: Booted up 1 node, 2 CPUs
[    0.428051] smpboot: Total of 2 processors activated (10368.00 BogoMIPS)
[    0.430078] devtmpfs: initialized
[    0.432667] evm: security.selinux
[    0.433823] evm: security.SMACK64
[    0.435142] evm: security.SMACK64EXEC
[    0.436270] evm: security.SMACK64TRANSMUTE
[    0.437496] evm: security.SMACK64MMAP
[    0.438436] evm: security.ima
[    0.439280] evm: security.capability
[    0.440438] clocksource: jiffies: mask: 0xffffffff max_cycles: 0xffffffff, max_idle_ns: 7645041785100000 ns
[    0.442754] futex hash table entries: 512 (order: 3, 32768 bytes)
[    0.444554] pinctrl core: initialized pinctrl subsystem
[    0.445810] RTC time: 10:37:17, date: 12/06/22
[    0.447217] NET: Registered protocol family 16
[    0.460898] cpuidle: using governor ladder
[    0.472937] cpuidle: using governor menu
[    0.474294] PCCT header not found.
[    0.475537] ACPI: bus type PCI registered
[    0.476847] acpiphp: ACPI Hot Plug PCI Controller Driver version: 0.5
[    0.479341] PCI: Using configuration type 1 for base access
[    0.493125] ACPI: Added _OSI(Module Device)
[    0.494407] ACPI: Added _OSI(Processor Device)
[    0.495669] ACPI: Added _OSI(3.0 _SCP Extensions)
[    0.497019] ACPI: Added _OSI(Processor Aggregator Device)
[    0.499347] ACPI: Executed 1 blocks of module-level executable AML code
[    0.503276] ACPI: Interpreter enabled
[    0.504421] ACPI: (supports S0 S5)
[    0.505569] ACPI: Using IOAPIC for interrupt routing
[    0.507137] PCI: Using host bridge windows from ACPI; if necessary, use "pci=nocrs" and report a bug
[    0.515524] ACPI: PCI Root Bridge [PCI0] (domain 0000 [bus 00-ff])
[    0.517345] acpi PNP0A03:00: _OSC: OS supports [ASPM ClockPM Segments MSI]
[    0.519372] acpi PNP0A03:00: _OSC: not requesting OS control; OS requires [ExtendedConfig ASPM ClockPM MSI]
[    0.522108] acpi PNP0A03:00: fail to add MMCONFIG information, can't access extended PCI configuration space under this bridge.
[    0.525632] PCI host bridge to bus 0000:00
[    0.526618] pci_bus 0000:00: root bus resource [io  0x0000-0x0cf7 window]
[    0.528321] pci_bus 0000:00: root bus resource [io  0x0d00-0xffff window]
[    0.530044] pci_bus 0000:00: root bus resource [mem 0x000a0000-0x000bffff window]
[    0.531946] pci_bus 0000:00: root bus resource [mem 0x80000000-0xfdffffff window]
[    0.533946] pci_bus 0000:00: root bus resource [bus 00-ff]
[    0.538299] pci 0000:00:01.1: legacy IDE quirk: reg 0x10: [io  0x01f0-0x01f7]
[    0.540345] pci 0000:00:01.1: legacy IDE quirk: reg 0x14: [io  0x03f6]
[    0.542148] pci 0000:00:01.1: legacy IDE quirk: reg 0x18: [io  0x0170-0x0177]
[    0.552239] pci 0000:00:01.1: legacy IDE quirk: reg 0x1c: [io  0x0376]
[    0.576730] pci 0000:00:07.0: quirk: [io  0x4000-0x403f] claimed by PIIX4 ACPI
[    0.578743] pci 0000:00:07.0: quirk: [io  0x4100-0x410f] claimed by PIIX4 SMB
[    0.594738] ACPI: PCI Interrupt Link [LNKA] (IRQs 5 9 10 *11)
[    0.597124] ACPI: PCI Interrupt Link [LNKB] (IRQs 5 9 *10 11)
[    0.599126] ACPI: PCI Interrupt Link [LNKC] (IRQs 5 *9 10 11)
[    0.601220] ACPI: PCI Interrupt Link [LNKD] (IRQs 5 9 10 *11)
[    0.603138] ACPI: Enabled 2 GPEs in block 00 to 07
[    0.604816] vgaarb: setting as boot device: PCI:0000:00:02.0
[    0.606380] vgaarb: device added: PCI:0000:00:02.0,decodes=io+mem,owns=io+mem,locks=none
[    0.608885] vgaarb: loaded
[    0.609589] vgaarb: bridge control possible 0000:00:02.0
[    0.611185] SCSI subsystem initialized
[    0.612550] ACPI: bus type USB registered
[    0.613718] usbcore: registered new interface driver usbfs
[    0.615087] usbcore: registered new interface driver hub
[    0.616581] usbcore: registered new device driver usb
[    0.617986] PCI: Using ACPI for IRQ routing
[    0.619746] NetLabel: Initializing
[    0.620790] NetLabel:  domain hash size = 128
[    0.622312] NetLabel:  protocols = UNLABELED CIPSOv4
[    0.623808] NetLabel:  unlabeled traffic allowed by default
[    0.625682] amd_nb: Cannot enumerate AMD northbridges
[    0.627242] clocksource: Switched to clocksource kvm-clock
[    0.635637] AppArmor: AppArmor Filesystem Enabled
[    0.637054] pnp: PnP ACPI init
[    0.639011] pnp: PnP ACPI: found 3 devices
[    0.649548] clocksource: acpi_pm: mask: 0xffffff max_cycles: 0xffffff, max_idle_ns: 2085701024 ns
[    0.652094] NET: Registered protocol family 2
[    0.653413] TCP established hash table entries: 16384 (order: 5, 131072 bytes)
[    0.655717] TCP bind hash table entries: 16384 (order: 6, 262144 bytes)
[    0.657709] TCP: Hash tables configured (established 16384 bind 16384)
[    0.659645] UDP hash table entries: 1024 (order: 3, 32768 bytes)
[    0.661242] UDP-Lite hash table entries: 1024 (order: 3, 32768 bytes)
[    0.662729] NET: Registered protocol family 1
[    0.663902] pci 0000:00:00.0: Limiting direct PCI/PCI transfers
[    0.665289] pci 0000:00:01.0: Activating ISA DMA hang workarounds
[    0.667011] Unpacking initramfs...
[    0.902040] Freeing initrd memory: 14888K
[    0.903741] clocksource: tsc: mask: 0xffffffffffffffff max_cycles: 0x255cb6cc5db, max_idle_ns: 440795203504 ns
[    0.929106] platform rtc_cmos: registered platform RTC device (no PNP device found)
[    0.951063] Scanning for low memory corruption every 60 seconds
[    0.953477] audit: initializing netlink subsys (disabled)
[    0.976374] audit: type=2000 audit(1670323043.097:1): initialized
[    0.978400] Initialise system trusted keyring
[    0.979843] HugeTLB registered 2 MB page size, pre-allocated 0 pages
[    0.982415] zbud: loaded
[    0.983848] VFS: Disk quotas dquot_6.6.0
[    0.985273] VFS: Dquot-cache hash table entries: 512 (order 0, 4096 bytes)
[    0.987381] squashfs: version 4.0 (2009/01/31) Phillip Lougher
[    0.989434] fuse init (API version 7.23)
[    0.990943] Key type big_key registered
[    0.992095] Allocating IMA MOK and blacklist keyrings.
[    0.994204] Key type asymmetric registered
[    0.995176] Asymmetric key parser 'x509' registered
[    0.996399] Block layer SCSI generic (bsg) driver version 0.4 loaded (major 249)
[    0.998164] io scheduler noop registered
[    0.999275] io scheduler deadline registered (default)
[    1.000947] io scheduler cfq registered
[    1.002057] pci_hotplug: PCI Hot Plug PCI Core version: 0.5
[    1.003531] pciehp: PCI Express Hot Plug Controller Driver version: 0.4
[    1.005631] ACPI: AC Adapter [AC] (on-line)
[    1.006642] input: Power Button as /devices/LNXSYSTM:00/LNXPWRBN:00/input/input0
[    1.008819] ACPI: Power Button [PWRF]
[    1.010076] input: Sleep Button as /devices/LNXSYSTM:00/LNXSLPBN:00/input/input1
[    1.011993] ACPI: Sleep Button [SLPF]
[    1.013066] GHES: HEST is not enabled!
[    1.014226] ACPI: Battery Slot [BAT0] (battery present)
[    1.016375] Serial: 8250/16550 driver, 32 ports, IRQ sharing enabled
[    1.038790] 00:02: ttyS0 at I/O 0x3f8 (irq = 4, base_baud = 115200) is a 16550A
[    1.042953] Linux agpgart interface v0.103
[    1.046317] loop: module loaded
[    1.047630] scsi host0: ata_piix
[    1.048666] scsi host1: ata_piix
[    1.049783] ata1: PATA max UDMA/33 cmd 0x1f0 ctl 0x3f6 bmdma 0xd000 irq 14
[    1.051645] ata2: PATA max UDMA/33 cmd 0x170 ctl 0x376 bmdma 0xd008 irq 15
[    1.053908] libphy: Fixed MDIO Bus: probed
[    1.054954] tun: Universal TUN/TAP device driver, 1.6
[    1.056509] tun: (C) 1999-2004 Max Krasnyansky <maxk@qualcomm.com>
[    1.058341] PPP generic driver version 2.4.2
[    1.059892] ehci_hcd: USB 2.0 'Enhanced' Host Controller (EHCI) Driver
[    1.061574] ehci-pci: EHCI PCI platform driver
[    1.062925] ehci-platform: EHCI generic platform driver
[    1.064227] ohci_hcd: USB 1.1 'Open' Host Controller (OHCI) Driver
[    1.065903] ohci-pci: OHCI PCI platform driver
[    1.067481] ohci-platform: OHCI generic platform driver
[    1.068798] uhci_hcd: USB Universal Host Controller Interface driver
[    1.070688] i8042: PNP: PS/2 Controller [PNP0303:PS2K,PNP0f03:PS2M] at 0x60,0x64 irq 1,12
[    1.073423] serio: i8042 KBD port at 0x60,0x64 irq 1
[    1.074638] serio: i8042 AUX port at 0x60,0x64 irq 12
[    1.076324] mousedev: PS/2 mouse device common for all mice
[    1.078669] input: AT Translated Set 2 keyboard as /devices/platform/i8042/serio0/input/input2
[    1.081337] rtc_cmos rtc_cmos: rtc core: registered rtc_cmos as rtc0
[    1.083249] rtc_cmos rtc_cmos: alarms up to one day, 114 bytes nvram
[    1.085058] i2c /dev entries driver
[    1.086180] device-mapper: uevent: version 1.0.3
[    1.087686] device-mapper: ioctl: 4.34.0-ioctl (2015-10-28) initialised: dm-devel@redhat.com
[    1.089928] ledtrig-cpu: registered to indicate activity on CPUs
[    1.091922] NET: Registered protocol family 10
[    1.095537] NET: Registered protocol family 17
[    1.096773] Key type dns_resolver registered
[    1.099592] registered taskstats version 1
[    1.100969] Loading compiled-in X.509 certificates
[    1.102750] Loaded X.509 cert 'Build time autogenerated kernel key: cf00e047681d67edb2720680708b7d9498083038'
[    1.105211] zswap: loaded using pool lzo/zbud
[    1.108301] Key type trusted registered
[    1.112098] Key type encrypted registered
[    1.113044] AppArmor: AppArmor sha1 policy hashing enabled
[    1.114283] ima: No TPM chip found, activating TPM-bypass!
[    1.115577] ima: Allocated hash algorithm: sha1
[    1.117348] evm: HMAC attrs: 0x1
[    1.119206]   Magic number: 2:129:628
[    1.120669] rtc_cmos rtc_cmos: setting system clock to 2022-12-06 10:37:17 UTC (1670323037)
[    1.122934] BIOS EDD facility v0.16 2004-Jun-25, 0 devices found
[    1.124395] EDD information not available.
[    1.232532] Freeing unused kernel memory: 1492K
[    1.233945] Write protecting the kernel read-only data: 14336k
[    1.236342] Freeing unused kernel memory: 1584K
[    1.237731] Freeing unused kernel memory: 52K
Loading, please wait...
starting version 229
[    1.251686] random: systemd-udevd: uninitialized urandom read (16 bytes read, 3 bits of entropy available)
[    1.252169] random: udevadm: uninitialized urandom read (16 bytes read, 3 bits of entropy available)
[    1.252200] random: udevadm: uninitialized urandom read (16 bytes read, 3 bits of entropy available)
[    1.259655] random: udevadm: uninitialized urandom read (16 bytes read, 3 bits of entropy available)
[    1.259701] random: udevadm: uninitialized urandom read (16 bytes read, 3 bits of entropy available)
[    1.259821] random: udevadm: uninitialized urandom read (16 bytes read, 3 bits of entropy available)
[    1.259872] random: udevadm: uninitialized urandom read (16 bytes read, 3 bits of entropy available)
[    1.259920] random: udevadm: uninitialized urandom read (16 bytes read, 3 bits of entropy available)
[    1.259970] random: udevadm: uninitialized urandom read (16 bytes read, 3 bits of entropy available)
[    1.260018] random: udevadm: uninitialized urandom read (16 bytes read, 3 bits of entropy available)
[    1.317056] e1000: Intel(R) PRO/1000 Network Driver - version 7.3.21-k8-NAPI
[    1.336946] e1000: Copyright (c) 1999-2006 Intel Corporation.
[    1.343726] Fusion MPT base driver 3.04.20
[    1.344889] Copyright (c) 1999-2008 LSI Corporation
[    1.353832] Fusion MPT SPI Host driver 3.04.20
[    1.356792] AVX2 version of gcm_enc/dec engaged.
[    1.358085] AES CTR mode by8 optimization enabled
[    1.544306] input: ImExPS/2 Generic Explorer Mouse as /devices/platform/i8042/serio1/input/input4
[    1.724778] e1000 0000:00:03.0 eth0: (PCI:33MHz:32-bit) 02:be:82:6b:cc:1d
[    1.726542] e1000 0000:00:03.0 eth0: Intel(R) PRO/1000 Network Connection
[    2.112016] e1000 0000:00:08.0 eth1: (PCI:33MHz:32-bit) 08:00:27:5c:eb:12
[    2.113851] e1000 0000:00:08.0 eth1: Intel(R) PRO/1000 Network Connection
[    2.117282] e1000 0000:00:03.0 enp0s3: renamed from eth0
[    2.119747] mptbase: ioc0: Initiating bringup
[    2.127605] e1000 0000:00:08.0 enp0s8: renamed from eth1
[    2.377921] ioc0: LSI53C1030 A0: Capabilities={Initiator}
[    4.242149] scsi host2: ioc0: LSI53C1030 A0, FwRev=00000000h, Ports=1, MaxQ=256, IRQ=20
[    6.192160] scsi 2:0:0:0: Direct-Access     VBOX     HARDDISK         1.0  PQ: 0 ANSI: 5
[    6.194803] scsi target2:0:0: Beginning Domain Validation
[    6.197537] scsi target2:0:0: Domain Validation skipping write tests
[    6.199121] scsi target2:0:0: Ending Domain Validation
[    6.200462] scsi target2:0:0: asynchronous
[    6.202311] scsi 2:0:1:0: Direct-Access     VBOX     HARDDISK         1.0  PQ: 0 ANSI: 5
[    6.212786] scsi target2:0:1: Beginning Domain Validation
[    6.215101] scsi target2:0:1: Domain Validation skipping write tests
[    6.216641] scsi target2:0:1: Ending Domain Validation
[    6.218233] scsi target2:0:1: asynchronous
[    6.223933] sd 2:0:0:0: Attached scsi generic sg0 type 0
[    6.225180] sd 2:0:0:0: [sda] 83886080 512-byte logical blocks: (42.9 GB/40.0 GiB)
[    6.227036] sd 2:0:1:0: Attached scsi generic sg1 type 0
[    6.228452] sd 2:0:1:0: [sdb] 20480 512-byte logical blocks: (10.5 MB/10.0 MiB)
[    6.230472] sd 2:0:0:0: [sda] Write Protect is off
[    6.231838] sd 2:0:1:0: [sdb] Write Protect is off
[    6.233073] sd 2:0:0:0: [sda] Incomplete mode parameter data
[    6.234319] sd 2:0:0:0: [sda] Assuming drive cache: write through
[    6.235354] sd 2:0:1:0: [sdb] Incomplete mode parameter data
[    6.235355] sd 2:0:1:0: [sdb] Assuming drive cache: write through
[    6.239197] sd 2:0:1:0: [sdb] Attached SCSI disk
[    6.240240]  sda: sda1
[    6.241257] sd 2:0:0:0: [sda] Attached SCSI disk
Begin: Loading essential drivers ... [    7.500671] md: linear personality registered for level -1
[    7.503893] md: multipath personality registered for level -4
[    7.506779] md: raid0 personality registered for level 0
[    7.511409] md: raid1 personality registered for level 1
[    7.583371] raid6: sse2x1   gen() 13219 MB/s
[    7.651351] raid6: sse2x1   xor() 10116 MB/s
[    7.719372] raid6: sse2x2   gen() 16804 MB/s
[    7.787346] raid6: sse2x2   xor() 10698 MB/s
[    7.855288] raid6: sse2x4   gen() 17067 MB/s
[    7.923368] raid6: sse2x4   xor() 12626 MB/s
[    7.991759] raid6: avx2x1   gen() 24350 MB/s
[    8.059295] raid6: avx2x2   gen() 30970 MB/s
[    8.127311] raid6: avx2x4   gen() 33593 MB/s
[    8.146880] raid6: using algorithm avx2x4 gen() 33593 MB/s
[    8.170394] raid6: using avx2x2 recovery algorithm
[    8.192625] xor: automatically using best checksumming function:
[    8.251292]    avx       : 25543.000 MB/sec
[    8.287204] async_tx: api initialized (async)
[    8.294177] md: raid6 personality registered for level 6
[    8.295390] md: raid5 personality registered for level 5
[    8.296539] md: raid4 personality registered for level 4
[    8.302817] md: raid10 personality registered for level 10
done.
Begin: Running /scripts/init-premount ... done.
Begin: Mounting root file system ... Begin: Running /scripts/local-top ... done.
Begin: Running /scripts/local-premount ... [    8.368167] Btrfs loaded
Scanning for Btrfs filesystems
done.
Warning: fsck not present, so skipping root file system
[    8.391441] EXT4-fs (sda1): mounted filesystem with ordered data mode. Opts: (null)
done.
Begin: Running /scripts/local-bottom ... done.
Begin: Running /scripts/init-bottom ... done.
[    8.452542] systemd[1]: systemd 229 running in system mode. (+PAM +AUDIT +SELINUX +IMA +APPARMOR +SMACK +SYSVINIT +UTMP +LIBCRYPTSETUP +GCRYPT +GNUTLS +ACL +XZ -LZ4 +SECCOMP +BLKID +ELFUTILS +KMOD -IDN)
[    8.456200] systemd[1]: Detected virtualization oracle.
[    8.457270] systemd[1]: Detected architecture x86-64.

Welcome to [1mUbuntu 16.04.7 LTS[0m!

[    8.461271] systemd[1]: Set hostname to <ubuntu>.
[    8.463178] systemd[1]: Initializing machine ID from random generator.
[    8.464695] systemd[1]: Installed transient /etc/machine-id file.
[    8.550715] systemd[1]: Listening on LVM2 metadata daemon socket.
[[0;32m  OK  [0m] Listening on LVM2 metadata daemon socket.
[    8.559977] systemd[1]: Listening on udev Control Socket.
[[0;32m  OK  [0m] Listening on udev Control Socket.
[    8.561977] systemd[1]: Started Forward Password Requests to Wall Directory Watch.
[[0;32m  OK  [0m] Started Forward Password Requests to Wall Directory Watch.
[    8.564973] systemd[1]: Listening on Syslog Socket.
[[0;32m  OK  [0m] Listening on Syslog Socket.
[    8.567253] systemd[1]: Set up automount Arbitrary Executable File Formats File System Automount Point.
[[0;32m  OK  [0m] Set up automount Arbitrary Executab...ats File System Automount Point.
[    8.926668] systemd[1]: Listening on LVM2 poll daemon socket.
[[0;32m  OK  [0m] Listening on LVM2 poll daemon socket.
[    8.929785] systemd[1]: Reached target System Time Synchronized.
[[0;32m  OK  [0m] Reached target System Time Synchronized.
[    8.932288] systemd[1]: Reached target Swap.
[[0;32m  OK  [0m] Reached target Swap.
[    9.221558] systemd[1]: Listening on Journal Audit Socket.
[[0;32m  OK  [0m] Listening on Journal Audit Socket.
[    9.266158] systemd[1]: Listening on Journal Socket.
[[0;32m  OK  [0m] Listening on Journal Socket.
[    9.479825] systemd[1]: Listening on fsck to fsckd communication Socket.
[[0;32m  OK  [0m] Listening on fsck to fsckd communication Socket.
[    9.484181] systemd[1]: Listening on Journal Socket (/dev/log).
[[0;32m  OK  [0m] Listening on Journal Socket (/dev/log).
[    9.926702] systemd[1]: Created slice User and Session Slice.
[[0;32m  OK  [0m] Created slice User and Session Slice.
[    9.929881] systemd[1]: Listening on udev Kernel Socket.
[[0;32m  OK  [0m] Listening on udev Kernel Socket.
[    9.932539] systemd[1]: Reached target User and Group Name Lookups.
[[0;32m  OK  [0m] Reached target User and Group Name Lookups.
[    9.935117] systemd[1]: Listening on /dev/initctl Compatibility Named Pipe.
[[0;32m  OK  [0m] Listening on /dev/initctl Compatibility Named Pipe.
[    9.995790] systemd[1]: Reached target Encrypted Volumes.
[[0;32m  OK  [0m] Reached target Encrypted Volumes.
[    9.998945] systemd[1]: Listening on Device-mapper event daemon FIFOs.
[[0;32m  OK  [0m] Listening on Device-mapper event daemon FIFOs.
[   10.002602] systemd[1]: Created slice System Slice.
[[0;32m  OK  [0m] Created slice System Slice.
[   10.005379] systemd[1]: Reached target Slices.
[[0;32m  OK  [0m] Reached target Slices.
[   10.023713] systemd[1]: Starting Load Kernel Modules...
         Starting Load Kernel Modules...
[   10.026982] systemd[1]: Starting Nameserver information manager...
         Starting Nameserver information manager...
[   10.034454] Loading iSCSI transport class v2.0-870.
[   10.037648] systemd[1]: Starting Journal Service...
         Starting Journal Service...
[   10.043076] iscsi: registered transport (tcp)
[   10.047779] systemd[1]: Created slice system-serial\x2dgetty.slice.
[[0;32m  OK  [0m] Created slice system-serial\x2dgetty.slice.
[   10.063444] systemd[1]: Starting Create list of required static device nodes for the current kernel...
         Starting Create list of required st... nodes for the current kernel...
[   10.070095] iscsi: registered transport (iser)
[   10.081022] systemd[1]: Mounting Huge Pages File System...
         Mounting Huge Pages File System...
[   10.084468] systemd[1]: Starting File System Check on Root Device...
         Starting File System Check on Root Device...
[   10.092558] systemd[1]: Starting Monitoring of LVM2 mirrors, snapshots etc. using dmeventd or progress polling...
         Starting Monitoring of LVM2 mirrors... dmeventd or progress polling...[   10.097012] systemd[1]: Mounting Debug File System...

         Mounting Debug File System...
[   10.098807] systemd[1]: Starting Set console keymap...
         Starting Set console keymap...
[   10.102692] systemd[1]: Starting Uncomplicated firewall...
         Starting Uncomplicated firewall...
[   10.106421] systemd[1]: Mounting POSIX Message Queue File System...
         Mounting POSIX Message Queue File System...
[   10.110207] systemd[1]: Started Trigger resolvconf update for networkd DNS.
[[0;32m  OK  [0m] Started Trigger resolvconf update for networkd DNS.
[   10.114445] systemd[1]: Mounted Huge Pages File System.
[[0;32m  OK  [0m] Mounted Huge Pages File System.
[   10.117199] systemd[1]: Mounted POSIX Message Queue File System.
[[0;32m  OK  [0m] Mounted POSIX Message Queue File System.
[   10.119958] systemd[1]: Mounted Debug File System.
[[0;32m  OK  [0m] Mounted Debug File System.
[   10.122374] systemd[1]: Started Journal Service.
[[0;32m  OK  [0m] Started Journal Service.
[[0;32m  OK  [0m] Started Load Kernel Modules.
[[0;32m  OK  [0m] Started Create list of required sta...ce nodes for the current kernel.
[[0;32m  OK  [0m] Started File System Check on Root Device.
[[0;32m  OK  [0m] Started Uncomplicated firewall.
[[0;32m  OK  [0m] Started Set console keymap.
[[0;32m  OK  [0m] Started Nameserver information manager.
[[0;32m  OK  [0m] Started LVM2 metadata daemon.
[[0;32m  OK  [0m] Started File System Check Daemon to report status.
         Starting Remount Root and Kernel File Systems...
[   10.239720] EXT4-fs (sda1): re-mounted. Opts: (null)
         Starting Create Static Device Nodes in /dev...
         Mounting FUSE Control File System...
         Starting Apply Kernel Variables...
[[0;32m  OK  [0m] Mounted FUSE Control File System.
[[0;32m  OK  [0m] Started Remount Root and Kernel File Systems.
[[0;32m  OK  [0m] Started Create Static Device Nodes in /dev.
[[0;32m  OK  [0m] Started Apply Kernel Variables.
         Starting udev Kernel Device Manager...
         Starting Load/Save Random Seed...
         Starting udev Coldplug all Devices...
         Starting Flush Journal to Persistent Storage...
[[0;32m  OK  [0m] Started Load/Save Random Seed.
[[0;32m  OK  [0m] Started Flush Journal to Persistent Storage.
[[0;32m  OK  [0m] Started udev Kernel Device Manager.
[[0;32m  OK  [0m] Started Monitoring of LVM2 mirrors,...ng dmeventd or progress polling.
[[0;32m  OK  [0m] Reached target Local File Systems (Pre).
[[0;32m  OK  [0m] Reached target Local File Systems.
         Starting Tell Plymouth To Write Out Runtime Data...
         Starting LSB: AppArmor initialization...
         Starting Initial cloud-init job (pre-networking)...
         Starting Commit a transient machine-id on disk...
         Starting Set console font and keymap...
         Starting Create Volatile Files and Directories...
[[0;32m  OK  [0m] Started udev Coldplug all Devices.
[[0;32m  OK  [0m] Started Tell Plymouth To Write Out Runtime Data.
[[0;32m  OK  [0m] Started Create Volatile Files and Directories.
         Starting Update UTMP about System Boot/Shutdown...
[[0;32m  OK  [0m] Started Dispatch Password Requests to Console Directory Watch.
[[0;32m  OK  [0m] Started Commit a transient machine-id on disk.
[[0;32m  OK  [0m] Started Update UTMP about System Boot/Shutdown.
[[0;32m  OK  [0m] Found device /dev/ttyS0.
[[0;32m  OK  [0m] Listening on Load/Save RF Kill Switch Status /dev/rfkill Watch.
[   11.181994] cloud-init[494]: Cloud-init v. 21.1-19-gbad84ad4-0ubuntu1~16.04.2 running 'init-local' at Tue, 06 Dec 2022 10:37:27 +0000. Up 10.88 seconds.
[[0;32m  OK  [0m] Started LSB: AppArmor initialization.
         Starting Load AppArmor profiles managed internally by snapd...
[[0;32m  OK  [0m] Started Initial cloud-init job (pre-networking).
[[0;32m  OK  [0m] Started Set console font and keymap.
[[0;32m  OK  [0m] Started Load AppArmor profiles managed internally by snapd.
[[0;32m  OK  [0m] Created slice system-getty.slice.
[[0;32m  OK  [0m] Reached target Network (Pre).
         Starting Raise network interfaces...
[[0;32m  OK  [0m] Started Raise network interfaces.
[[0;32m  OK  [0m] Reached target Network.
         Starting Initial cloud-init job (metadata service crawler)...
[   12.327805] cloud-init[957]: Cloud-init v. 21.1-19-gbad84ad4-0ubuntu1~16.04.2 running 'init' at Tue, 06 Dec 2022 10:37:28 +0000. Up 11.95 seconds.
[   12.329575] cloud-init[957]: ci-info: ++++++++++++++++++++++++++++++++++++++Net device info+++++++++++++++++++++++++++++++++++++++
[   12.340369] cloud-init[957]: ci-info: +--------+-------+----------------------------+---------------+--------+-------------------+
[   12.348559] cloud-init[957]: ci-info: | Device |   Up  |          Address           |      Mask     | Scope  |     Hw-Address    |
[   12.350410] cloud-init[957]: ci-info: +--------+-------+----------------------------+---------------+--------+-------------------+
[   12.352466] cloud-init[957]: ci-info: | enp0s3 |  True |         10.0.2.15          | 255.255.255.0 | global | 02:be:82:6b:cc:1d |
[   12.361070] cloud-init[957]: ci-info: | enp0s3 |  True | fe80::be:82ff:fe6b:cc1d/64 |       .       |  link  | 02:be:82:6b:cc:1d |
[   12.365236] cloud-init[957]: ci-info: | enp0s8 | False |             .              |       .       |   .    | 08:00:27:5c:eb:12 |
[   12.369821] cloud-init[957]: ci-info: |   lo   |  True |         127.0.0.1          |   255.0.0.0   |  host  |         .         |
[   12.380645] cloud-init[957]: ci-info: |   lo   |  True |          ::1/128           |       .       |  host  |         .         |
[   12.385022] cloud-init[957]: ci-info: +--------+-------+----------------------------+---------------+--------+-------------------+
[   12.389746] cloud-init[957]: ci-info: +++++++++++++++++++++++++++Route IPv4 info++++++++++++++++++++++++++++
[   12.393655] cloud-init[957]: ci-info: +-------+-------------+----------+---------------+-----------+-------+
[   12.397186] cloud-init[957]: ci-info: | Route | Destination | Gateway  |    Genmask    | Interface | Flags |
[   12.400611] cloud-init[957]: ci-info: +-------+-------------+----------+---------------+-----------+-------+
[   12.404381] cloud-init[957]: ci-info: |   0   |   0.0.0.0   | 10.0.2.2 |    0.0.0.0    |   enp0s3  |   UG  |
[   12.407669] cloud-init[957]: ci-info: |   1   |   10.0.2.0  | 0.0.0.0  | 255.255.255.0 |   enp0s3  |   U   |
[   12.410874] cloud-init[957]: ci-info: +-------+-------------+----------+---------------+-----------+-------+
[   12.414325] cloud-init[957]: ci-info: +++++++++++++++++++Route IPv6 info+++++++++++++++++++
[   12.417442] cloud-init[957]: ci-info: +-------+-------------+---------+-----------+-------+
[   12.420300] cloud-init[957]: ci-info: | Route | Destination | Gateway | Interface | Flags |
[   12.428737] cloud-init[957]: ci-info: +-------+-------------+---------+-----------+-------+
[   12.431459] cloud-init[957]: ci-info: |   0   |  fe80::/64  |    ::   |   enp0s3  |   U   |
[   12.440904] cloud-init[957]: ci-info: |   3   |   ff00::/8  |    ::   |   enp0s3  |   U   |
[   12.441267] cloud-init[957]: ci-info: +-------+-------------+---------+-----------+-------+
[   12.442263] cloud-init[957]: Generating public/private rsa key pair.
[   12.442409] cloud-init[957]: Your identification has been saved in /etc/ssh/ssh_host_rsa_key.
[   12.444150] cloud-init[957]: Your public key has been saved in /etc/ssh/ssh_host_rsa_key.pub.
[[0;32m  OK  [0m] Started Initial cloud-init job (metadata service crawler).
[[0;32m  OK  [0m] Reached target System Initialization.
[[0;32m  OK  [0m] Listening on D-Bus System Message Bus Socket.
[[0;32m  OK  [0m] Started Daily apt download activities.
[[0;32m  OK  [0m] Started Daily apt upgrade and clean activities.
[[0;32m  OK  [0m] Started Ubuntu Advantage update messaging.
[[   12.445537] [0;32m  OK  [0mcloud-init] [957]: Listening on ACPID Listen Socket.The key fingerprint is:

[   12.481957] cloud-init[957]: SHA256:Ifbp5jjFBcQffgchjmMInbX1JAGqVHAmSanfoaYqevw root@ubuntu-xenial
[   12.482181] cloud-init[957]: The key's randomart image is:
         Starting Socket activation for snappy daemon.
[   12.482514] cloud-init[957]: +---[RSA 2048]----+
[   12.485484] cloud-init[957]: |   .==+=+.=.o.   |
[   12.492606] cloud-init[957]: |    o*ooo=.=.    |
[   12.504730] cloud-init[957]: |   .. = *+....   |
[   12.512395] cloud-init[957]: |  .. o.+ ++ . .  |
[   12.513799] cloud-init[957]: |   ..o oS. . .   |
[   12.515085] cloud-init[957]: |    + ..o        |
[[0;32m  OK  [0m] Started ACPI Events Check.
[   12.517020] [[0;32m  OK  [0m] Reached target Paths.
[[0;32m  OK  [0m] Started Message of the Day.
         Starting LXD - unix socket.
[[0;32m  OK  [0m] Started Daily Cleanup of Temporary Directories.
[[0;32m  OK  [0m] Reached target Timers.
[[0;32m  OK  [0m] Listening on UUID daemon activation socket.
cloud-init[957]: | . o   .o        |
[   12.522133] [[0;32m  OK  [0m] Reached target Cloud-config availability.
[[0;32m  OK  [0m] Reached target Network is Online.
cloud-init[957]: |. +   .+         |
[   12.524768] cloud-init[957]: |=o .E ...        |
[   12.525917] cloud-init[957]: +----[SHA256]-----+
[   12.527166] cloud-init[957]: Generating public/private dsa key pair.
[   12.528520] cloud-init[957]: Your identification has been saved in /etc/ssh/ssh_host_dsa_key.
[   12.530100] cloud-init[957]: Your public key has been saved in /etc/ssh/ssh_host_dsa_key.pub.
[   12.531615] cloud-init[957]: The key fingerprint is:
[   12.532803] cloud-init[957]: SHA256:CI8CTqEvIglEP/m+5ELrkVJrW0e7KWUYZ2Kc/FXzOJk root@ubuntu-xenial
[   12.534441] cloud-init[957]: The key's randomart image is:
[   12.535482] cloud-init[957]: +---[DSA 1024]----+
[   12.536589] cloud-init[957]: |.+               |
[   12.537703] cloud-init[957]: |o o .      o     |
[   12.538738] cloud-init[957]: |+. ++ .   . *    |
[   12.539912] cloud-init         Starting iSCSI initiator daemon (iscsid)...
[[0;32m  OK  [0m] Listening on Socket activation for snappy daemon.
[[0;32m  OK  [0m] Listening on LXD - unix socket.[957]: 
|++  o@ + . E .   |
[   12.542935] [[0;32m  OK  [0m] Reached target Sockets.
[[0;32m  OK  [0m] Reached target Basic System.
cloud-init[957]:          Starting LXD - container startup/shutdown...
|=.o.o.X.S   .    |
[   12.547709] [[0;32m  OK  [0m] Started ACPI event daemon.
cloud-init[957]: |o..o+..+.        |[[0;32m  OK  [0m] Started D-Bus System Message Bus.

[   12.550351] cloud-init[957]: | ..=.+oo         |
[   12.553661] cloud-init[957]: |  oo*.o o        |
[   12.555453] cloud-init[957]: |  .o.o.o         |
[   12.556980] cloud-init[957]: +----[SHA256]-----+
[   12.558935] cloud-init[957]: Generating public/private ecdsa key pair.
[   12.560651] cloud-init[957]: Your identification has been saved in /etc/ssh/ssh_host_ecdsa_key.
[   12.563143] cloud-init[957]: Your public key has been saved in /etc/ssh/ssh_host_ecdsa_key.pub.
[   12.565090] cloud-init[957]: The key fingerprint is:
[   12.567548] cloud-init[957]: SHA256:WalwCPcGvbLdBnwEFkMa8ECACRflZ+gj1YMi1DVODbE root@ubuntu-xenial
[   12.569710] cloud-init[957]: The key's randomart image is:
[   12.571431] cloud-init[957]: +---[ECDSA 256]---+
[   12.572794] cloud-init[957]: |o+==BBBo*o       |
[   12.574013] cloud-init[957]: |+. ooOoO....     |
[   12.575447] cloud-init[957]: |. . =EX.+oo      |
[   12.576953] cloud-init[957]: | . + o.=++.      |
[   12.578421] cloud-init[957]: |  . o  +S+       |
[   12.579668] cloud-init[957]: |   . .. . o      |
[   12.580963] cloud-init[957]: |         .       |
[   12.588355]          Starting Login Service...
cloud-init[957]: |                 |         Starting Pollinate to seed the pseudo random number generator...
         Starting /etc/rc.local Compatibility...
         Starting System Logging Service...
[[0;32m  OK  [0m] Started Deferred execution scheduler.
         Starting LSB: Record successful boot for GRUB...
         Starting Accounts Service...
         Starting Virtualbox guest utils...

[[0;32m  OK  [0m] Started Regular background program processing daemon.
[[0;32m  OK  [0m] Started FUSE filesystem for LXC.
[   12.604596]          Starting LSB: MD monitoring daemon...
cloud-init[957]: |                 |         Starting Snap Daemon...
[[0;32m  OK  [0m] Started /etc/rc.local Compatibility.

[   12.614516] cloud-init[957]: +----[SHA256]-----+
[   12.620360] cloud-init[957]: Generating public/private ed25519 key pair.
[   12.629011] cloud-init[957]: Your identification has been saved in /etc/ssh/ssh_host_ed25519_key.
[   12.634007] cloud-init[957]: Your public key has been saved in /etc/ssh/ssh_host_ed25519_key.pub.
[   12.637653] cloud-init[957]: The key fingerprint is:
[   12.640154] cloud-init[957]: SHA256:kDGsyfB6/F/iT8IqRn9C5WQLl8bKN4DRIUJdoYRcy0I root@ubuntu-xenial
[   12.648408] cloud-init[957]: The key's randomart image is:
[   12.654187] cloud-init[957]: +--[ED25519 256]--+
[[0;32m  OK  [0m] Started LSB: Record successful boot for GRUB.
[[0;32m  OK  [0m] Started Login Service.
[[0;32m  OK  [0m] Started Unattended Upgrades Shutdown.
[   12.663942] cloud-init[957]: | oE+++*o         |
[   12.680785] [[0;32m  OK  [0m] Started iSCSI initiator daemon (iscsid).
[[0;32m  OK  [0m] Started System Logging Service.
         Starting Login to default iSCSI targets...
cloud-init[[0;32m  OK  [0m] Started LSB: MD monitoring daemon.
[957]: | .++o+o+         |
[   12.692231] [[0;32m  OK  [0m] Started LXD - container startup/shutdown.
cloud-init[957]: |  .++=o. .       |
[   12.705060] cloud-init[957]: |   .* o.O        |
[   12.707697] cloud-init[957]: |   o . @S.       |
[   12.708969] cloud-init[957]: |  . + +.=        |
         Starting Authenticate and Authorize Users to Run Privileged Tasks...
[[0;32m  OK  [0m] Started Login to default iSCSI targets.
[[0;32m  OK  [0m] Started Authenticate and Authorize Users to Run Privileged Tasks.
[[0;32m  OK  [0m] Started Accounts Service.
[[0;32m  OK  [0m] Reached target Remote File Systems (Pre).
[[0;32m  OK  [0m] Reached target Remote File Systems.
[   12.720338] cloud-init[957]: |   o + .+.o      |
[   12.837012] cloud-init[957]: |    o +o.=       |
[   12.840325] cloud-init[957]: |   . ..+o..      |
         [   12.859903] cloud-init[957]: +----[SHA256]-----+
Starting LSB: Set the CPU Frequency Scaling governor to "ondemand"...
         Starting Permit User Sessions...
         Starting LSB: automatic crash report generation...
         Starting LSB: daemon to balance interrupts for SMP systems...
[[0;32m  OK  [0m] Started Virtualbox guest utils.
[[0;32m  OK  [0m] Started Permit User Sessions.
         Starting Hold until boot process finishes up...
         Starting Terminate Plymouth Boot Screen...
[[0;32m  OK  [0m] Started LSB: Set the CPU Frequency Scaling governor to "ondemand".
[[0;32m  OK  [0m] Started LSB: automatic crash report generation.
[[0;32m  OK  [0m] Started LSB: daemon to balance interrupts for SMP systems.
[[0;32m  OK  [0m] Started Hold until boot process finishes up.
[[0;32m  OK  [0m] Started Terminate Plymouth Boot Screen.
[[0;32m  OK  [0m] Started Snap Daemon.
         Starting Wait until snapd is fully seeded...
[[0;32m  OK  [0m] Started Serial Getty on ttyS0.
[[0;32m  OK  [0m] Started Getty on tty1.
[[0;32m  OK  [0m] Reached target Login Prompts.
         Starting Set console scheme...
[[0;32m  OK  [0m] Started Wait until snapd is fully seeded.
[[0;32m  OK  [0m] Started Set console scheme.
         Starting Apply the settings specified in cloud-config...
[   13.359541] cloud-init[1284]: Generating locales (this might take a while)...
[   14.041075] cloud-init[1284]:   en_US.UTF-8... done
[   14.042257] cloud-init[1284]: Generation complete.
[   14.327676] cloud-init[1284]: Cloud-init v. 21.1-19-gbad84ad4-0ubuntu1~16.04.2 running 'modules:config' at Tue, 06 Dec 2022 10:37:29 +0000. Up 13.27 seconds.
[[0;32m  OK  [0m] Started Apply the settings specified in cloud-config.

Ubuntu 16.04.7 LTS ubuntu-xenial ttyS0

ubuntu-xenial login: ci-info: no authorized SSH keys fingerprints found for user ubuntu.
<14>Dec  6 10:37:35 ec2: 
<14>Dec  6 10:37:35 ec2: #############################################################
<14>Dec  6 10:37:35 ec2: -----BEGIN SSH HOST KEY FINGERPRINTS-----
<14>Dec  6 10:37:35 ec2: 1024 SHA256:CI8CTqEvIglEP/m+5ELrkVJrW0e7KWUYZ2Kc/FXzOJk root@ubuntu-xenial (DSA)
<14>Dec  6 10:37:35 ec2: 256 SHA256:WalwCPcGvbLdBnwEFkMa8ECACRflZ+gj1YMi1DVODbE root@ubuntu-xenial (ECDSA)
<14>Dec  6 10:37:35 ec2: 256 SHA256:kDGsyfB6/F/iT8IqRn9C5WQLl8bKN4DRIUJdoYRcy0I root@ubuntu-xenial (ED25519)
<14>Dec  6 10:37:35 ec2: 2048 SHA256:Ifbp5jjFBcQffgchjmMInbX1JAGqVHAmSanfoaYqevw root@ubuntu-xenial (RSA)
<14>Dec  6 10:37:35 ec2: -----END SSH HOST KEY FINGERPRINTS-----
<14>Dec  6 10:37:35 ec2: #############################################################
-----BEGIN SSH HOST KEY KEYS-----
ecdsa-sha2-nistp256 AAAAE2VjZHNhLXNoYTItbmlzdHAyNTYAAAAIbmlzdHAyNTYAAABBBLr4y6j1NsrfmCZ2reGLrr+rUvlWmy1advP+A9XjSer1TVBbKa2/ZTKwCl8J19vUxPzNJX9H/x+54q65VlRH44s= root@ubuntu-xenial
ssh-ed25519 AAAAC3NzaC1lZDI1NTE5AAAAIChZhyON0ugT0BfXV0gN6+j5HIsncTxxT7U1aRRv9pla root@ubuntu-xenial
ssh-rsa AAAAB3NzaC1yc2EAAAADAQABAAABAQCxntDWyu+x/zUTYvCqQm0pxcuzlRcSUPsOuHYtThBZfBKorrLSGor3iLQkLdrfKqJ1Qdh0UkJ/eBVOZF0EWfdIJG4sL3iWdEXWU4hqEx5tQLM31mSzpE4TMUTES25X8TWaiOyF/dFVETv2OniCW5yLERfXO21lZ+uFcOpFMMDRv4TWfpYC7SnBCTrsNyhe8HxAjA0unBJC0HfLLWj20NOej0ZCVonD0aAfrznGZnBj7jOEUwCyd2jZyjqH63UG/QIN/RkT3clzYJL58IsPVYvAwhvNClPi2x0YpdRSjfAUJwH1rxd+3xDBUKSfuf2J4GraKDM+WIVECok2NTAEqJvh root@ubuntu-xenial
-----END SSH HOST KEY KEYS-----
[   19.336827] cloud-init[1353]: Cloud-init v. 21.1-19-gbad84ad4-0ubuntu1~16.04.2 running 'modules:final' at Tue, 06 Dec 2022 10:37:35 +0000. Up 19.20 seconds.
[   19.337026] cloud-init[1353]: ci-info: no authorized SSH keys fingerprints found for user ubuntu.
[   19.337127] cloud-init[1353]: Cloud-init v. 21.1-19-gbad84ad4-0ubuntu1~16.04.2 finished at Tue, 06 Dec 2022 10:37:35 +0000. Datasource DataSourceNoCloud [seed=/dev/sdb][dsmode=net].  Up 19.33 seconds
